[INFO ] 2019-04-20 15:55:02,877 -- WorkingPath: ./CARSKit.Workspace/
[INFO ] 2019-04-20 15:55:02,883 -- Your original rating data path: ./result.csv
[INFO ] 2019-04-20 15:55:02,883 -- Current working path: ./CARSKit.Workspace/
[WARN ] 2019-04-20 15:55:02,885 -- You rating data is in Compact format. CARSKit is working on transformation on the data format...
[INFO ] 2019-04-20 15:55:02,904 -- User, Item, Rating, start:đà nẵng, start:hà nội, start:hồ chí minh, price:cheap, price:expensive, price:reasonable, date:weekday, date:weekend, duration:3, duration:5, :na
[INFO ] 2019-04-20 15:55:02,919 -- Data transformaton completed (from Compact to Binary format). See new rating file: ./CARSKit.Workspace/train.csv
[INFO ] 2019-04-20 15:55:02,931 -- Dataset: ./CARSKit.Workspace/train.csv
[INFO ] 2019-04-20 15:55:02,933 -- DataPath: ./CARSKit.Workspace/train.csv
[INFO ] 2019-04-20 15:55:02,967 -- Rating data set has been successfully loaded.
[INFO ] 2019-04-20 15:55:02,970 -- 
/***********************************************************************
 *
 * Dataset: ./CARSKit.Workspace/train.csv
 * 
 * Statistics of U-I-C Matrix:
 * User amount: 102
 * Item amount: 30
 * Rate amount: 579
 * Context dimensions: 5 (start, price, date, duration, )
 * Context conditions: 11 (start: 3, price: 3, date: 2, duration: 2, : 1)
 * Context situations: 16
 * Data density: 0.5256%
 * Scale distribution: [4.0 x 108, 4.5 x 361, 3.5 x 110]
 * Average value of all ratings: 4.216753
 * Standard deviation of all ratings: 0.395457
 * Mode of all rating values: 4.500000
 * Median of all rating values: 4.500000
 *
 ***********************************************************************/
[INFO ] 2019-04-20 15:55:02,972 -- With Setup: cv -k 5 -p on --rand-seed 1 --test-view all
[DEBUG] 2019-04-20 15:55:02,976 -- Fold [1]: training amount: 463, test amount: 116
[DEBUG] 2019-04-20 15:55:02,978 -- Fold [2]: training amount: 463, test amount: 116
[DEBUG] 2019-04-20 15:55:02,979 -- Fold [3]: training amount: 463, test amount: 116
[DEBUG] 2019-04-20 15:55:02,980 -- Fold [4]: training amount: 463, test amount: 116
[DEBUG] 2019-04-20 15:55:02,982 -- Fold [5]: training amount: 464, test amount: 115
[DEBUG] 2019-04-20 15:55:02,994 -- CAMF_CU fold [3] iter 1: loss = 977.5124, delta_loss = -977.5124, learn_rate = 0.02
[DEBUG] 2019-04-20 15:55:02,994 -- CAMF_CU fold [4] iter 1: loss = 1004.1752, delta_loss = -1004.1752, learn_rate = 0.02
[DEBUG] 2019-04-20 15:55:02,995 -- CAMF_CU fold [2] iter 1: loss = 997.7768, delta_loss = -997.7768, learn_rate = 0.02
[DEBUG] 2019-04-20 15:55:03,002 -- CAMF_CU fold [1] iter 1: loss = 990.1958, delta_loss = -990.1958, learn_rate = 0.02
[DEBUG] 2019-04-20 15:55:03,003 -- CAMF_CU fold [4] iter 2: loss = 278.51627, delta_loss = 725.6589, learn_rate = 0.02
[DEBUG] 2019-04-20 15:55:03,003 -- CAMF_CU fold [5] iter 1: loss = 993.42615, delta_loss = -993.42615, learn_rate = 0.02
[DEBUG] 2019-04-20 15:55:03,007 -- CAMF_CU fold [2] iter 2: loss = 300.42688, delta_loss = 697.3499, learn_rate = 0.02
[DEBUG] 2019-04-20 15:55:03,009 -- CAMF_CU fold [1] iter 2: loss = 279.392, delta_loss = 710.8038, learn_rate = 0.02
[DEBUG] 2019-04-20 15:55:03,010 -- CAMF_CU fold [5] iter 2: loss = 293.59354, delta_loss = 699.8326, learn_rate = 0.02
[DEBUG] 2019-04-20 15:55:03,015 -- CAMF_CU fold [1] iter 3: loss = 102.56537, delta_loss = 176.82663, learn_rate = 0.021
[DEBUG] 2019-04-20 15:55:03,017 -- CAMF_CU fold [3] iter 2: loss = 282.0813, delta_loss = 695.4311, learn_rate = 0.02
[DEBUG] 2019-04-20 15:55:03,017 -- CAMF_CU fold [5] iter 3: loss = 112.107895, delta_loss = 181.48564, learn_rate = 0.021
[DEBUG] 2019-04-20 15:55:03,020 -- CAMF_CU fold [2] iter 3: loss = 118.36873, delta_loss = 182.05815, learn_rate = 0.021
[DEBUG] 2019-04-20 15:55:03,024 -- CAMF_CU fold [3] iter 3: loss = 107.140594, delta_loss = 174.9407, learn_rate = 0.021
[DEBUG] 2019-04-20 15:55:03,024 -- CAMF_CU fold [5] iter 4: loss = 55.034733, delta_loss = 57.073166, learn_rate = 0.022049999
[DEBUG] 2019-04-20 15:55:03,027 -- CAMF_CU fold [2] iter 4: loss = 59.832016, delta_loss = 58.536713, learn_rate = 0.022049999
[DEBUG] 2019-04-20 15:55:03,031 -- CAMF_CU fold [5] iter 5: loss = 33.11197, delta_loss = 21.922762, learn_rate = 0.0231525
[DEBUG] 2019-04-20 15:55:03,032 -- CAMF_CU fold [4] iter 3: loss = 100.93985, delta_loss = 177.57643, learn_rate = 0.021
[DEBUG] 2019-04-20 15:55:03,033 -- CAMF_CU fold [3] iter 4: loss = 53.69074, delta_loss = 53.449856, learn_rate = 0.022049999
[DEBUG] 2019-04-20 15:55:03,037 -- CAMF_CU fold [2] iter 5: loss = 36.50431, delta_loss = 23.327705, learn_rate = 0.0231525
[DEBUG] 2019-04-20 15:55:03,038 -- CAMF_CU fold [5] iter 6: loss = 22.645208, delta_loss = 10.466763, learn_rate = 0.024310125
[DEBUG] 2019-04-20 15:55:03,040 -- CAMF_CU fold [4] iter 4: loss = 49.108185, delta_loss = 51.83166, learn_rate = 0.022049999
[DEBUG] 2019-04-20 15:55:03,042 -- CAMF_CU fold [3] iter 5: loss = 33.243076, delta_loss = 20.447662, learn_rate = 0.0231525
[DEBUG] 2019-04-20 15:55:03,043 -- CAMF_CU fold [1] iter 4: loss = 50.226254, delta_loss = 52.339115, learn_rate = 0.022049999
[DEBUG] 2019-04-20 15:55:03,047 -- CAMF_CU fold [4] iter 5: loss = 30.34491, delta_loss = 18.763277, learn_rate = 0.0231525
[DEBUG] 2019-04-20 15:55:03,049 -- CAMF_CU fold [3] iter 6: loss = 23.220673, delta_loss = 10.022402, learn_rate = 0.024310125
[DEBUG] 2019-04-20 15:55:03,050 -- CAMF_CU fold [1] iter 5: loss = 31.049795, delta_loss = 19.176458, learn_rate = 0.0231525
[DEBUG] 2019-04-20 15:55:03,054 -- CAMF_CU fold [4] iter 6: loss = 21.498312, delta_loss = 8.846598, learn_rate = 0.024310125
[DEBUG] 2019-04-20 15:55:03,056 -- CAMF_CU fold [1] iter 6: loss = 21.926306, delta_loss = 9.123488, learn_rate = 0.024310125
[DEBUG] 2019-04-20 15:55:03,059 -- CAMF_CU fold [4] iter 7: loss = 16.361813, delta_loss = 5.136499, learn_rate = 0.025525631
[DEBUG] 2019-04-20 15:55:03,062 -- CAMF_CU fold [1] iter 7: loss = 16.600023, delta_loss = 5.3262835, learn_rate = 0.025525631
[DEBUG] 2019-04-20 15:55:03,066 -- CAMF_CU fold [4] iter 8: loss = 12.975924, delta_loss = 3.385889, learn_rate = 0.026801912
[DEBUG] 2019-04-20 15:55:03,067 -- CAMF_CU fold [1] iter 8: loss = 13.080277, delta_loss = 3.5197456, learn_rate = 0.026801912
[DEBUG] 2019-04-20 15:55:03,071 -- CAMF_CU fold [4] iter 9: loss = 10.568438, delta_loss = 2.4074857, learn_rate = 0.028142007
[DEBUG] 2019-04-20 15:55:03,073 -- CAMF_CU fold [1] iter 9: loss = 10.577179, delta_loss = 2.5030985, learn_rate = 0.028142007
[DEBUG] 2019-04-20 15:55:03,077 -- CAMF_CU fold [1] iter 10: loss = 8.709831, delta_loss = 1.8673478, learn_rate = 0.029549109
[DEBUG] 2019-04-20 15:55:03,081 -- CAMF_CU fold [4] iter 10: loss = 8.768902, delta_loss = 1.7995356, learn_rate = 0.029549109
[DEBUG] 2019-04-20 15:55:03,084 -- CAMF_CU fold [5] iter 7: loss = 16.708506, delta_loss = 5.936703, learn_rate = 0.025525631
[DEBUG] 2019-04-20 15:55:03,087 -- CAMF_CU fold [2] iter 6: loss = 24.962826, delta_loss = 11.541486, learn_rate = 0.024310125
[DEBUG] 2019-04-20 15:55:03,088 -- CAMF_CU fold [3] iter 7: loss = 17.332886, delta_loss = 5.887788, learn_rate = 0.025525631
[DEBUG] 2019-04-20 15:55:03,090 -- CAMF_CU fold [5] iter 8: loss = 12.923774, delta_loss = 3.7847319, learn_rate = 0.026801912
[DEBUG] 2019-04-20 15:55:03,093 -- CAMF_CU fold [2] iter 7: loss = 18.280567, delta_loss = 6.682259, learn_rate = 0.025525631
[DEBUG] 2019-04-20 15:55:03,093 -- CAMF_CU fold [3] iter 8: loss = 13.477545, delta_loss = 3.8553402, learn_rate = 0.026801912
[DEBUG] 2019-04-20 15:55:03,097 -- CAMF_CU fold [2] iter 8: loss = 14.001649, delta_loss = 4.278917, learn_rate = 0.026801912
[DEBUG] 2019-04-20 15:55:03,098 -- CAMF_CU fold [3] iter 9: loss = 10.777071, delta_loss = 2.7004743, learn_rate = 0.028142007
[DEBUG] 2019-04-20 15:55:03,103 -- CAMF_CU fold [5] iter 9: loss = 10.313754, delta_loss = 2.6100197, learn_rate = 0.028142007
[DEBUG] 2019-04-20 15:55:03,103 -- CAMF_CU fold [3] iter 10: loss = 8.793619, delta_loss = 1.9834514, learn_rate = 0.029549109
[DEBUG] 2019-04-20 15:55:03,104 -- CAMF_CU fold [2] iter 9: loss = 11.068703, delta_loss = 2.932947, learn_rate = 0.028142007
[DEBUG] 2019-04-20 15:55:03,106 -- CAMF_CU fold [3] iter 11: loss = 7.28325, delta_loss = 1.5103692, learn_rate = 0.031026565
[DEBUG] 2019-04-20 15:55:03,113 -- CAMF_CU fold [2] iter 10: loss = 8.953768, delta_loss = 2.1149342, learn_rate = 0.029549109
[DEBUG] 2019-04-20 15:55:03,113 -- CAMF_CU fold [3] iter 12: loss = 6.1005783, delta_loss = 1.1826719, learn_rate = 0.03257789
[DEBUG] 2019-04-20 15:55:03,117 -- CAMF_CU fold [2] iter 11: loss = 7.366731, delta_loss = 1.5870368, learn_rate = 0.031026565
[DEBUG] 2019-04-20 15:55:03,117 -- CAMF_CU fold [3] iter 13: loss = 5.154597, delta_loss = 0.94598114, learn_rate = 0.034206785
[DEBUG] 2019-04-20 15:55:03,121 -- CAMF_CU fold [3] iter 14: loss = 4.3858185, delta_loss = 0.7687786, learn_rate = 0.035917126
[DEBUG] 2019-04-20 15:55:03,121 -- CAMF_CU fold [2] iter 12: loss = 6.137687, delta_loss = 1.2290442, learn_rate = 0.03257789
[DEBUG] 2019-04-20 15:55:03,125 -- CAMF_CU fold [3] iter 15: loss = 3.753697, delta_loss = 0.6321215, learn_rate = 0.037712984
[DEBUG] 2019-04-20 15:55:03,126 -- CAMF_CU fold [3] iter 16: loss = 3.2294576, delta_loss = 0.52423936, learn_rate = 0.039598633
[DEBUG] 2019-04-20 15:55:03,127 -- CAMF_CU fold [3] iter 17: loss = 2.7918985, delta_loss = 0.437559, learn_rate = 0.04157856
[DEBUG] 2019-04-20 15:55:03,108 -- CAMF_CU fold [1] iter 11: loss = 7.2687097, delta_loss = 1.4411215, learn_rate = 0.031026565
[DEBUG] 2019-04-20 15:55:03,107 -- CAMF_CU fold [5] iter 10: loss = 8.411884, delta_loss = 1.9018694, learn_rate = 0.029549109
[DEBUG] 2019-04-20 15:55:03,129 -- CAMF_CU fold [4] iter 11: loss = 7.3744845, delta_loss = 1.3944174, learn_rate = 0.031026565
[DEBUG] 2019-04-20 15:55:03,133 -- CAMF_CU fold [5] iter 11: loss = 6.969553, delta_loss = 1.4423312, learn_rate = 0.031026565
[DEBUG] 2019-04-20 15:55:03,135 -- CAMF_CU fold [4] iter 12: loss = 6.26443, delta_loss = 1.1100547, learn_rate = 0.03257789
[DEBUG] 2019-04-20 15:55:03,136 -- CAMF_CU fold [1] iter 12: loss = 6.1281815, delta_loss = 1.1405281, learn_rate = 0.03257789
[DEBUG] 2019-04-20 15:55:03,138 -- CAMF_CU fold [5] iter 12: loss = 5.8429813, delta_loss = 1.1265719, learn_rate = 0.03257789
[DEBUG] 2019-04-20 15:55:03,142 -- CAMF_CU fold [1] iter 13: loss = 5.208039, delta_loss = 0.9201427, learn_rate = 0.034206785
[DEBUG] 2019-04-20 15:55:03,142 -- CAMF_CU fold [5] iter 13: loss = 4.943423, delta_loss = 0.89955837, learn_rate = 0.034206785
[DEBUG] 2019-04-20 15:55:03,125 -- CAMF_CU fold [2] iter 13: loss = 5.1621876, delta_loss = 0.9754997, learn_rate = 0.034206785
[DEBUG] 2019-04-20 15:55:03,145 -- CAMF_CU fold [5] iter 14: loss = 4.2130527, delta_loss = 0.7303702, learn_rate = 0.035917126
[DEBUG] 2019-04-20 15:55:03,145 -- CAMF_CU fold [1] iter 14: loss = 4.4544826, delta_loss = 0.75355595, learn_rate = 0.035917126
[DEBUG] 2019-04-20 15:55:03,148 -- CAMF_CU fold [1] iter 15: loss = 3.8299675, delta_loss = 0.62451535, learn_rate = 0.037712984
[DEBUG] 2019-04-20 15:55:03,148 -- CAMF_CU fold [5] iter 15: loss = 3.6124153, delta_loss = 0.60063726, learn_rate = 0.037712984
[DEBUG] 2019-04-20 15:55:03,150 -- CAMF_CU fold [4] iter 13: loss = 5.3624835, delta_loss = 0.9019463, learn_rate = 0.034206785
[DEBUG] 2019-04-20 15:55:03,151 -- CAMF_CU fold [5] iter 16: loss = 3.113504, delta_loss = 0.49891138, learn_rate = 0.039598633
[DEBUG] 2019-04-20 15:55:03,151 -- CAMF_CU fold [1] iter 16: loss = 3.3074317, delta_loss = 0.52253556, learn_rate = 0.039598633
[DEBUG] 2019-04-20 15:55:03,154 -- CAMF_CU fold [5] iter 17: loss = 2.6957557, delta_loss = 0.41774827, learn_rate = 0.04157856
[DEBUG] 2019-04-20 15:55:03,154 -- CAMF_CU fold [1] iter 17: loss = 2.8668458, delta_loss = 0.44058603, learn_rate = 0.04157856
[DEBUG] 2019-04-20 15:55:03,156 -- CAMF_CU fold [4] iter 14: loss = 4.6181593, delta_loss = 0.7443243, learn_rate = 0.035917126
[DEBUG] 2019-04-20 15:55:03,157 -- CAMF_CU fold [5] iter 18: loss = 2.3436434, delta_loss = 0.35211238, learn_rate = 0.04365749
[DEBUG] 2019-04-20 15:55:03,157 -- CAMF_CU fold [1] iter 18: loss = 2.4930444, delta_loss = 0.3738015, learn_rate = 0.04365749
[DEBUG] 2019-04-20 15:55:03,159 -- CAMF_CU fold [5] iter 19: loss = 2.0451756, delta_loss = 0.29846781, learn_rate = 0.045840364
[DEBUG] 2019-04-20 15:55:03,159 -- CAMF_CU fold [1] iter 19: loss = 2.1743195, delta_loss = 0.31872487, learn_rate = 0.045840364
[DEBUG] 2019-04-20 15:55:03,161 -- CAMF_CU fold [5] iter 20: loss = 1.7909318, delta_loss = 0.2542437, learn_rate = 0.048132382
[DEBUG] 2019-04-20 15:55:03,161 -- CAMF_CU fold [1] iter 20: loss = 1.9014773, delta_loss = 0.2728421, learn_rate = 0.048132382
[DEBUG] 2019-04-20 15:55:03,163 -- CAMF_CU fold [5] iter 21: loss = 1.5734192, delta_loss = 0.21751264, learn_rate = 0.050539
[DEBUG] 2019-04-20 15:55:03,164 -- CAMF_CU fold [5] iter 22: loss = 1.3866261, delta_loss = 0.18679301, learn_rate = 0.053065952
[DEBUG] 2019-04-20 15:55:03,164 -- CAMF_CU fold [1] iter 21: loss = 1.6671901, delta_loss = 0.23428725, learn_rate = 0.050539
[DEBUG] 2019-04-20 15:55:03,166 -- CAMF_CU fold [5] iter 23: loss = 1.2257009, delta_loss = 0.1609253, learn_rate = 0.05571925
[DEBUG] 2019-04-20 15:55:03,166 -- CAMF_CU fold [1] iter 22: loss = 1.4655399, delta_loss = 0.20165007, learn_rate = 0.053065952
[DEBUG] 2019-04-20 15:55:03,168 -- CAMF_CU fold [5] iter 24: loss = 1.0867087, delta_loss = 0.13899222, learn_rate = 0.058505215
[DEBUG] 2019-04-20 15:55:03,168 -- CAMF_CU fold [1] iter 23: loss = 1.2916914, delta_loss = 0.1738485, learn_rate = 0.05571925
[DEBUG] 2019-04-20 15:55:03,173 -- CAMF_CU fold [1] iter 24: loss = 1.1416498, delta_loss = 0.15004167, learn_rate = 0.058505215
[DEBUG] 2019-04-20 15:55:03,174 -- CAMF_CU fold [1] iter 25: loss = 1.0120806, delta_loss = 0.12956929, learn_rate = 0.061430473
[DEBUG] 2019-04-20 15:55:03,175 -- CAMF_CU fold [5] iter 25: loss = 0.96644336, delta_loss = 0.120265275, learn_rate = 0.061430473
[DEBUG] 2019-04-20 15:55:03,176 -- CAMF_CU fold [1] iter 26: loss = 0.90017253, delta_loss = 0.11190802, learn_rate = 0.064502
[DEBUG] 2019-04-20 15:55:03,176 -- CAMF_CU fold [5] iter 26: loss = 0.8622765, delta_loss = 0.10416686, learn_rate = 0.064502
[DEBUG] 2019-04-20 15:55:03,178 -- CAMF_CU fold [1] iter 27: loss = 0.8035334, delta_loss = 0.09663911, learn_rate = 0.0677271
[DEBUG] 2019-04-20 15:55:03,178 -- CAMF_CU fold [5] iter 27: loss = 0.7720348, delta_loss = 0.09024165, learn_rate = 0.0677271
[DEBUG] 2019-04-20 15:55:03,179 -- CAMF_CU fold [2] iter 14: loss = 4.373256, delta_loss = 0.788931, learn_rate = 0.035917126
[DEBUG] 2019-04-20 15:55:03,180 -- CAMF_CU fold [4] iter 15: loss = 3.9966211, delta_loss = 0.621538, learn_rate = 0.037712984
[DEBUG] 2019-04-20 15:55:03,180 -- CAMF_CU fold [1] iter 28: loss = 0.72010964, delta_loss = 0.08342374, learn_rate = 0.07111345
[DEBUG] 2019-04-20 15:55:03,180 -- CAMF_CU fold [5] iter 28: loss = 0.69390124, delta_loss = 0.078133635, learn_rate = 0.07111345
[DEBUG] 2019-04-20 15:55:03,182 -- CAMF_CU fold [2] iter 15: loss = 3.7261965, delta_loss = 0.64705986, learn_rate = 0.037712984
[DEBUG] 2019-04-20 15:55:03,182 -- CAMF_CU fold [4] iter 16: loss = 3.4729233, delta_loss = 0.523698, learn_rate = 0.039598633
[DEBUG] 2019-04-20 15:55:03,182 -- CAMF_CU fold [5] iter 29: loss = 0.62633467, delta_loss = 0.06756656, learn_rate = 0.07466912
[DEBUG] 2019-04-20 15:55:03,184 -- CAMF_CU fold [2] iter 16: loss = 3.1899886, delta_loss = 0.53620785, learn_rate = 0.039598633
[DEBUG] 2019-04-20 15:55:03,184 -- CAMF_CU fold [4] iter 17: loss = 3.028598, delta_loss = 0.44432503, learn_rate = 0.04157856
[DEBUG] 2019-04-20 15:55:03,185 -- CAMF_CU fold [2] iter 17: loss = 2.7422764, delta_loss = 0.44771215, learn_rate = 0.04157856
[DEBUG] 2019-04-20 15:55:03,186 -- CAMF_CU fold [4] iter 18: loss = 2.6495757, delta_loss = 0.37902245, learn_rate = 0.04365749
[DEBUG] 2019-04-20 15:55:03,187 -- CAMF_CU fold [2] iter 18: loss = 2.366372, delta_loss = 0.37590435, learn_rate = 0.04365749
[DEBUG] 2019-04-20 15:55:03,187 -- CAMF_CU fold [4] iter 19: loss = 2.3248737, delta_loss = 0.32470202, learn_rate = 0.045840364
[DEBUG] 2019-04-20 15:55:03,188 -- CAMF_CU fold [2] iter 19: loss = 2.0494318, delta_loss = 0.31694043, learn_rate = 0.045840364
[DEBUG] 2019-04-20 15:55:03,188 -- CAMF_CU fold [4] iter 20: loss = 2.045751, delta_loss = 0.27912265, learn_rate = 0.048132382
[DEBUG] 2019-04-20 15:55:03,189 -- CAMF_CU fold [2] iter 20: loss = 1.7813199, delta_loss = 0.26811185, learn_rate = 0.048132382
[DEBUG] 2019-04-20 15:55:03,189 -- CAMF_CU fold [4] iter 21: loss = 1.8051414, delta_loss = 0.24060963, learn_rate = 0.050539
[DEBUG] 2019-04-20 15:55:03,190 -- CAMF_CU fold [2] iter 21: loss = 1.5538851, delta_loss = 0.22743475, learn_rate = 0.050539
[DEBUG] 2019-04-20 15:55:03,190 -- CAMF_CU fold [4] iter 22: loss = 1.5972611, delta_loss = 0.20788041, learn_rate = 0.053065952
[DEBUG] 2019-04-20 15:55:03,192 -- CAMF_CU fold [2] iter 22: loss = 1.360482, delta_loss = 0.1934031, learn_rate = 0.053065952
[DEBUG] 2019-04-20 15:55:03,192 -- CAMF_CU fold [4] iter 23: loss = 1.4173274, delta_loss = 0.1799336, learn_rate = 0.05571925
[DEBUG] 2019-04-20 15:55:03,193 -- CAMF_CU fold [5] iter 30: loss = 0.56800777, delta_loss = 0.058326885, learn_rate = 0.07840258
[DEBUG] 2019-04-20 15:55:03,196 -- CAMF_CU fold [4] iter 24: loss = 1.2613518, delta_loss = 0.15597565, learn_rate = 0.058505215
[DEBUG] 2019-04-20 15:55:03,196 -- CAMF_CU fold [4] iter 25: loss = 1.1259812, delta_loss = 0.13537058, learn_rate = 0.061430473
[DEBUG] 2019-04-20 15:55:03,198 -- CAMF_CU fold [4] iter 26: loss = 1.0083776, delta_loss = 0.11760362, learn_rate = 0.064502
[DEBUG] 2019-04-20 15:55:03,198 -- CAMF_CU fold [5] iter 31: loss = 0.5177589, delta_loss = 0.05024886, learn_rate = 0.08232271
[DEBUG] 2019-04-20 15:55:03,193 -- CAMF_CU fold [1] iter 29: loss = 0.6481257, delta_loss = 0.07198392, learn_rate = 0.07466912
[DEBUG] 2019-04-20 15:55:03,199 -- CAMF_CU fold [5] iter 32: loss = 0.4745574, delta_loss = 0.043201514, learn_rate = 0.08643884
[DEBUG] 2019-04-20 15:55:03,192 -- CAMF_CU fold [3] iter 18: loss = 2.4248781, delta_loss = 0.3670205, learn_rate = 0.04365749
[DEBUG] 2019-04-20 15:55:03,192 -- CAMF_CU fold [2] iter 23: loss = 1.1956435, delta_loss = 0.1648385, learn_rate = 0.05571925
[DEBUG] 2019-04-20 15:55:03,199 -- CAMF_CU fold [4] iter 27: loss = 0.9061232, delta_loss = 0.10225437, learn_rate = 0.0677271
[DEBUG] 2019-04-20 15:55:03,201 -- CAMF_CU fold [4] iter 28: loss = 0.817147, delta_loss = 0.088976175, learn_rate = 0.07111345
[DEBUG] 2019-04-20 15:55:03,201 -- CAMF_CU fold [2] iter 24: loss = 1.054846, delta_loss = 0.14079745, learn_rate = 0.058505215
[DEBUG] 2019-04-20 15:55:03,202 -- CAMF_CU fold [4] iter 29: loss = 0.7396667, delta_loss = 0.07748034, learn_rate = 0.07466912
[DEBUG] 2019-04-20 15:55:03,202 -- CAMF_CU fold [2] iter 25: loss = 0.93433344, delta_loss = 0.120512635, learn_rate = 0.061430473
[DEBUG] 2019-04-20 15:55:03,203 -- CAMF_CU fold [4] iter 30: loss = 0.6721429, delta_loss = 0.06752379, learn_rate = 0.07840258
[DEBUG] 2019-04-20 15:55:03,203 -- CAMF_CU fold [2] iter 26: loss = 0.8309792, delta_loss = 0.10335417, learn_rate = 0.064502
[DEBUG] 2019-04-20 15:55:03,205 -- CAMF_CU fold [2] iter 27: loss = 0.7421766, delta_loss = 0.08880268, learn_rate = 0.0677271
[DEBUG] 2019-04-20 15:55:03,206 -- CAMF_CU fold [2] iter 28: loss = 0.6657472, delta_loss = 0.07642937, learn_rate = 0.07111345
[DEBUG] 2019-04-20 15:55:03,206 -- CAMF_CU fold [3] iter 19: loss = 2.1157715, delta_loss = 0.3091066, learn_rate = 0.045840364
[DEBUG] 2019-04-20 15:55:03,206 -- CAMF_CU fold [4] iter 31: loss = 0.61324316, delta_loss = 0.058899745, learn_rate = 0.08232271
[DEBUG] 2019-04-20 15:55:03,207 -- CAMF_CU fold [2] iter 29: loss = 0.5998668, delta_loss = 0.06588038, learn_rate = 0.07466912
[DEBUG] 2019-04-20 15:55:03,208 -- CAMF_CU fold [4] iter 32: loss = 0.56181264, delta_loss = 0.05143052, learn_rate = 0.08643884
[DEBUG] 2019-04-20 15:55:03,208 -- CAMF_CU fold [3] iter 20: loss = 1.8544974, delta_loss = 0.26127404, learn_rate = 0.048132382
[DEBUG] 2019-04-20 15:55:03,209 -- CAMF_CU fold [2] iter 30: loss = 0.5430029, delta_loss = 0.05686391, learn_rate = 0.07840258
[DEBUG] 2019-04-20 15:55:03,209 -- CAMF_CU fold [4] iter 33: loss = 0.5168505, delta_loss = 0.044962145, learn_rate = 0.09076079
[DEBUG] 2019-04-20 15:55:03,210 -- CAMF_CU fold [2] iter 31: loss = 0.49386358, delta_loss = 0.049139336, learn_rate = 0.08232271
[DEBUG] 2019-04-20 15:55:03,210 -- CAMF_CU fold [3] iter 21: loss = 1.6328828, delta_loss = 0.22161461, learn_rate = 0.050539
[DEBUG] 2019-04-20 15:55:03,211 -- CAMF_CU fold [4] iter 34: loss = 0.4774902, delta_loss = 0.039360285, learn_rate = 0.09529883
[DEBUG] 2019-04-20 15:55:03,211 -- CAMF_CU fold [2] iter 32: loss = 0.45135564, delta_loss = 0.042507935, learn_rate = 0.08643884
[DEBUG] 2019-04-20 15:55:03,212 -- CAMF_CU fold [3] iter 22: loss = 1.4442334, delta_loss = 0.1886494, learn_rate = 0.053065952
[DEBUG] 2019-04-20 15:55:03,212 -- CAMF_CU fold [4] iter 35: loss = 0.44298303, delta_loss = 0.034507163, learn_rate = 0.10006377
[DEBUG] 2019-04-20 15:55:03,213 -- CAMF_CU fold [2] iter 33: loss = 0.41455066, delta_loss = 0.036804974, learn_rate = 0.09076079
[DEBUG] 2019-04-20 15:55:03,213 -- CAMF_CU fold [3] iter 23: loss = 1.2830324, delta_loss = 0.16120102, learn_rate = 0.05571925
[DEBUG] 2019-04-20 15:55:03,214 -- CAMF_CU fold [4] iter 36: loss = 0.41268378, delta_loss = 0.030299252, learn_rate = 0.105066955
[DEBUG] 2019-04-20 15:55:03,214 -- CAMF_CU fold [2] iter 34: loss = 0.3826576, delta_loss = 0.031893093, learn_rate = 0.09529883
[DEBUG] 2019-04-20 15:55:03,215 -- CAMF_CU fold [3] iter 24: loss = 1.1447202, delta_loss = 0.13831227, learn_rate = 0.058505215
[DEBUG] 2019-04-20 15:55:03,215 -- CAMF_CU fold [4] iter 37: loss = 0.38603824, delta_loss = 0.026645549, learn_rate = 0.11032031
[DEBUG] 2019-04-20 15:55:03,216 -- CAMF_CU fold [3] iter 25: loss = 1.025527, delta_loss = 0.11919313, learn_rate = 0.061430473
[DEBUG] 2019-04-20 15:55:03,216 -- CAMF_CU fold [2] iter 35: loss = 0.3550007, delta_loss = 0.027656885, learn_rate = 0.10006377
[DEBUG] 2019-04-20 15:55:03,217 -- CAMF_CU fold [4] iter 38: loss = 0.362572, delta_loss = 0.02346623, learn_rate = 0.11583632
[DEBUG] 2019-04-20 15:55:03,217 -- CAMF_CU fold [3] iter 26: loss = 0.9223418, delta_loss = 0.10318521, learn_rate = 0.064502
[DEBUG] 2019-04-20 15:55:03,218 -- CAMF_CU fold [2] iter 36: loss = 0.3310021, delta_loss = 0.023998594, learn_rate = 0.105066955
[DEBUG] 2019-04-20 15:55:03,219 -- CAMF_CU fold [4] iter 39: loss = 0.34188035, delta_loss = 0.020691663, learn_rate = 0.121628135
[DEBUG] 2019-04-20 15:55:03,219 -- CAMF_CU fold [3] iter 27: loss = 0.8326047, delta_loss = 0.0897371, learn_rate = 0.0677271
[DEBUG] 2019-04-20 15:55:03,219 -- CAMF_CU fold [2] iter 37: loss = 0.31016728, delta_loss = 0.020834802, learn_rate = 0.11032031
[DEBUG] 2019-04-20 15:55:03,220 -- CAMF_CU fold [3] iter 28: loss = 0.7542178, delta_loss = 0.07838692, learn_rate = 0.07111345
[DEBUG] 2019-04-20 15:55:03,221 -- CAMF_CU fold [4] iter 40: loss = 0.32361874, delta_loss = 0.01826161, learn_rate = 0.12770954
[DEBUG] 2019-04-20 15:55:03,221 -- CAMF_CU fold [2] iter 38: loss = 0.2920733, delta_loss = 0.018093972, learn_rate = 0.11583632
[DEBUG] 2019-04-20 15:55:03,222 -- CAMF_CU fold [3] iter 29: loss = 0.6854687, delta_loss = 0.068749115, learn_rate = 0.07466912
[DEBUG] 2019-04-20 15:55:03,223 -- CAMF_CU fold [4] iter 41: loss = 0.30749422, delta_loss = 0.016124526, learn_rate = 0.13409501
[DEBUG] 2019-04-20 15:55:03,223 -- CAMF_CU fold [5] iter 33: loss = 0.43747953, delta_loss = 0.037077866, learn_rate = 0.09076079
[DEBUG] 2019-04-20 15:55:03,223 -- CAMF_CU fold [2] iter 39: loss = 0.27635866, delta_loss = 0.015714653, learn_rate = 0.121628135
[DEBUG] 2019-04-20 15:55:03,224 -- CAMF_CU fold [3] iter 30: loss = 0.6249645, delta_loss = 0.060504228, learn_rate = 0.07840258
[DEBUG] 2019-04-20 15:55:03,224 -- CAMF_CU fold [4] iter 42: loss = 0.2932573, delta_loss = 0.014236928, learn_rate = 0.14079978
[DEBUG] 2019-04-20 15:55:03,225 -- CAMF_CU fold [2] iter 40: loss = 0.26271448, delta_loss = 0.013644207, learn_rate = 0.12770954
[DEBUG] 2019-04-20 15:55:03,225 -- CAMF_CU fold [3] iter 31: loss = 0.57157415, delta_loss = 0.053390276, learn_rate = 0.08232271
[DEBUG] 2019-04-20 15:55:03,226 -- CAMF_CU fold [5] iter 34: loss = 0.40569323, delta_loss = 0.03178631, learn_rate = 0.09529883
[DEBUG] 2019-04-20 15:55:03,226 -- CAMF_CU fold [2] iter 41: loss = 0.2508766, delta_loss = 0.011837861, learn_rate = 0.13409501
[DEBUG] 2019-04-20 15:55:03,221 -- CAMF_CU fold [1] iter 30: loss = 0.58603805, delta_loss = 0.062087666, learn_rate = 0.07840258
[DEBUG] 2019-04-20 15:55:03,226 -- CAMF_CU fold [3] iter 32: loss = 0.5243789, delta_loss = 0.047195252, learn_rate = 0.08643884
[DEBUG] 2019-04-20 15:55:03,228 -- CAMF_CU fold [5] iter 35: loss = 0.3784489, delta_loss = 0.027244316, learn_rate = 0.10006377
[DEBUG] 2019-04-20 15:55:03,228 -- CAMF_CU fold [2] iter 42: loss = 0.24061866, delta_loss = 0.010257936, learn_rate = 0.14079978
[DEBUG] 2019-04-20 15:55:03,228 -- CAMF_CU fold [3] iter 33: loss = 0.48262864, delta_loss = 0.041750286, learn_rate = 0.09076079
[DEBUG] 2019-04-20 15:55:03,229 -- CAMF_CU fold [2] iter 43: loss = 0.23174551, delta_loss = 0.008873161, learn_rate = 0.14783975
[DEBUG] 2019-04-20 15:55:03,229 -- CAMF_CU fold [3] iter 34: loss = 0.44570538, delta_loss = 0.036923252, learn_rate = 0.09529883
[DEBUG] 2019-04-20 15:55:03,230 -- CAMF_CU fold [1] iter 31: loss = 0.53250045, delta_loss = 0.05353763, learn_rate = 0.08232271
[DEBUG] 2019-04-20 15:55:03,230 -- CAMF_CU fold [5] iter 36: loss = 0.3550746, delta_loss = 0.0233743, learn_rate = 0.105066955
[DEBUG] 2019-04-20 15:55:03,231 -- CAMF_CU fold [2] iter 44: loss = 0.22408755, delta_loss = 0.007657955, learn_rate = 0.15523174
[DEBUG] 2019-04-20 15:55:03,231 -- CAMF_CU fold [3] iter 35: loss = 0.41309255, delta_loss = 0.032612838, learn_rate = 0.10006377
[DEBUG] 2019-04-20 15:55:03,232 -- CAMF_CU fold [5] iter 37: loss = 0.33497322, delta_loss = 0.020101404, learn_rate = 0.11032031
[DEBUG] 2019-04-20 15:55:03,232 -- CAMF_CU fold [1] iter 32: loss = 0.4863378, delta_loss = 0.04616261, learn_rate = 0.08643884
[DEBUG] 2019-04-20 15:55:03,232 -- CAMF_CU fold [3] iter 36: loss = 0.38434958, delta_loss = 0.028742967, learn_rate = 0.105066955
[DEBUG] 2019-04-20 15:55:03,233 -- CAMF_CU fold [2] iter 45: loss = 0.21749589, delta_loss = 0.0065916665, learn_rate = 0.16299334
[DEBUG] 2019-04-20 15:55:03,234 -- CAMF_CU fold [5] iter 38: loss = 0.3176204, delta_loss = 0.017352806, learn_rate = 0.11583632
[DEBUG] 2019-04-20 15:55:03,234 -- CAMF_CU fold [1] iter 33: loss = 0.44652632, delta_loss = 0.039811518, learn_rate = 0.09076079
[DEBUG] 2019-04-20 15:55:03,234 -- CAMF_CU fold [3] iter 37: loss = 0.3590919, delta_loss = 0.025257668, learn_rate = 0.11032031
[DEBUG] 2019-04-20 15:55:03,234 -- CAMF_CU fold [2] iter 46: loss = 0.21183816, delta_loss = 0.005657735, learn_rate = 0.171143
[DEBUG] 2019-04-20 15:55:03,236 -- CAMF_CU fold [5] iter 39: loss = 0.3025623, delta_loss = 0.015058109, learn_rate = 0.121628135
[DEBUG] 2019-04-20 15:55:03,236 -- CAMF_CU fold [1] iter 34: loss = 0.41217697, delta_loss = 0.034349352, learn_rate = 0.09529883
[DEBUG] 2019-04-20 15:55:03,236 -- CAMF_CU fold [2] iter 47: loss = 0.20699535, delta_loss = 0.0048427945, learn_rate = 0.17970015
[DEBUG] 2019-04-20 15:55:03,237 -- CAMF_CU fold [3] iter 38: loss = 0.33697554, delta_loss = 0.02211637, learn_rate = 0.11583632
[DEBUG] 2019-04-20 15:55:03,238 -- CAMF_CU fold [5] iter 40: loss = 0.289412, delta_loss = 0.013150298, learn_rate = 0.12770954
[DEBUG] 2019-04-20 15:55:03,238 -- CAMF_CU fold [3] iter 39: loss = 0.3176858, delta_loss = 0.019289725, learn_rate = 0.121628135
[DEBUG] 2019-04-20 15:55:03,238 -- CAMF_CU fold [1] iter 35: loss = 0.3825222, delta_loss = 0.029654767, learn_rate = 0.10006377
[DEBUG] 2019-04-20 15:55:03,239 -- CAMF_CU fold [2] iter 48: loss = 0.20285958, delta_loss = 0.0041357707, learn_rate = 0.18868516
[DEBUG] 2019-04-20 15:55:03,240 -- CAMF_CU fold [3] iter 40: loss = 0.3009299, delta_loss = 0.0167559, learn_rate = 0.12770954
[DEBUG] 2019-04-20 15:55:03,240 -- CAMF_CU fold [5] iter 41: loss = 0.27784508, delta_loss = 0.011566903, learn_rate = 0.13409501
[DEBUG] 2019-04-20 15:55:03,241 -- CAMF_CU fold [3] iter 41: loss = 0.28643245, delta_loss = 0.014497461, learn_rate = 0.13409501
[DEBUG] 2019-04-20 15:55:03,241 -- CAMF_CU fold [1] iter 36: loss = 0.35690343, delta_loss = 0.025618762, learn_rate = 0.105066955
[DEBUG] 2019-04-20 15:55:03,242 -- CAMF_CU fold [5] iter 42: loss = 0.26759404, delta_loss = 0.010251036, learn_rate = 0.14079978
[DEBUG] 2019-04-20 15:55:03,241 -- CAMF_CU fold [2] iter 49: loss = 0.19933258, delta_loss = 0.0035270073, learn_rate = 0.19811942
[DEBUG] 2019-04-20 15:55:03,242 -- CAMF_CU fold [3] iter 42: loss = 0.2739336, delta_loss = 0.0124988565, learn_rate = 0.14079978
[DEBUG] 2019-04-20 15:55:03,243 -- CAMF_CU fold [1] iter 37: loss = 0.33475932, delta_loss = 0.022144107, learn_rate = 0.11032031
[DEBUG] 2019-04-20 15:55:03,243 -- CAMF_CU fold [2] iter 50: loss = 0.19632508, delta_loss = 0.0030075018, learn_rate = 0.20802538
[DEBUG] 2019-04-20 15:55:03,244 -- CAMF_CU fold [5] iter 43: loss = 0.25844193, delta_loss = 0.0091521265, learn_rate = 0.14783975
[DEBUG] 2019-04-20 15:55:03,244 -- CAMF_CU fold [3] iter 43: loss = 0.26318905, delta_loss = 0.01074454, learn_rate = 0.14783975
[DEBUG] 2019-04-20 15:55:03,245 -- CAMF_CU fold [2] iter 51: loss = 0.19375677, delta_loss = 0.0025683031, learn_rate = 0.21842666
[DEBUG] 2019-04-20 15:55:03,245 -- CAMF_CU fold [1] iter 38: loss = 0.3156142, delta_loss = 0.019145126, learn_rate = 0.11583632
[DEBUG] 2019-04-20 15:55:03,245 -- CAMF_CU fold [5] iter 44: loss = 0.25021562, delta_loss = 0.008226311, learn_rate = 0.15523174
[DEBUG] 2019-04-20 15:55:03,247 -- CAMF_CU fold [2] iter 52: loss = 0.19155665, delta_loss = 0.002200125, learn_rate = 0.22934799
[DEBUG] 2019-04-20 15:55:03,247 -- CAMF_CU fold [1] iter 39: loss = 0.29906666, delta_loss = 0.01654752, learn_rate = 0.121628135
[DEBUG] 2019-04-20 15:55:03,247 -- CAMF_CU fold [5] iter 45: loss = 0.24277915, delta_loss = 0.007436464, learn_rate = 0.16299334
[DEBUG] 2019-04-20 15:55:03,248 -- CAMF_CU fold [2] iter 53: loss = 0.18966345, delta_loss = 0.0018931883, learn_rate = 0.24081539
[DEBUG] 2019-04-20 15:55:03,248 -- CAMF_CU fold [1] iter 40: loss = 0.2847786, delta_loss = 0.014288085, learn_rate = 0.12770954
[DEBUG] 2019-04-20 15:55:03,249 -- CAMF_CU fold [5] iter 46: loss = 0.23602718, delta_loss = 0.006751962, learn_rate = 0.171143
[DEBUG] 2019-04-20 15:55:03,250 -- CAMF_CU fold [2] iter 54: loss = 0.18802619, delta_loss = 0.0016372743, learn_rate = 0.25285617
[DEBUG] 2019-04-20 15:55:03,250 -- CAMF_CU fold [1] iter 41: loss = 0.27246442, delta_loss = 0.012314153, learn_rate = 0.13409501
[DEBUG] 2019-04-20 15:55:03,250 -- CAMF_CU fold [5] iter 47: loss = 0.22987893, delta_loss = 0.006148249, learn_rate = 0.17970015
[DEBUG] 2019-04-20 15:55:03,254 -- CAMF_CU fold [5] iter 48: loss = 0.22427265, delta_loss = 0.005606279, learn_rate = 0.18868516
[DEBUG] 2019-04-20 15:55:03,255 -- CAMF_CU fold [5] iter 49: loss = 0.2191608, delta_loss = 0.0051118685, learn_rate = 0.19811942
[DEBUG] 2019-04-20 15:55:03,254 -- CAMF_CU fold [3] iter 44: loss = 0.25397128, delta_loss = 0.009217767, learn_rate = 0.15523174
[DEBUG] 2019-04-20 15:55:03,256 -- CAMF_CU fold [3] iter 45: loss = 0.24607126, delta_loss = 0.007900031, learn_rate = 0.16299334
[DEBUG] 2019-04-20 15:55:03,256 -- CAMF_CU fold [3] iter 46: loss = 0.23930019, delta_loss = 0.0067710765, learn_rate = 0.171143
[DEBUG] 2019-04-20 15:55:03,257 -- CAMF_CU fold [5] iter 50: loss = 0.2145058, delta_loss = 0.004654978, learn_rate = 0.20802538
[DEBUG] 2019-04-20 15:55:03,257 -- CAMF_CU fold [3] iter 47: loss = 0.23349082, delta_loss = 0.0058093574, learn_rate = 0.17970015
[DEBUG] 2019-04-20 15:55:03,258 -- CAMF_CU fold [5] iter 51: loss = 0.2102769, delta_loss = 0.0042289062, learn_rate = 0.21842666
[DEBUG] 2019-04-20 15:55:03,258 -- CAMF_CU fold [3] iter 48: loss = 0.22849804, delta_loss = 0.004992784, learn_rate = 0.18868516
[DEBUG] 2019-04-20 15:55:03,259 -- CAMF_CU fold [5] iter 52: loss = 0.20644753, delta_loss = 0.0038293826, learn_rate = 0.22934799
[DEBUG] 2019-04-20 15:55:03,259 -- CAMF_CU fold [3] iter 49: loss = 0.22419846, delta_loss = 0.0042995824, learn_rate = 0.19811942
[DEBUG] 2019-04-20 15:55:03,259 -- CAMF_CU fold [3] iter 50: loss = 0.22048935, delta_loss = 0.0037091014, learn_rate = 0.20802538
[DEBUG] 2019-04-20 15:55:03,260 -- CAMF_CU fold [5] iter 53: loss = 0.20299399, delta_loss = 0.00345353, learn_rate = 0.24081539
[DEBUG] 2019-04-20 15:55:03,261 -- CAMF_CU fold [5] iter 54: loss = 0.19989532, delta_loss = 0.0030986732, learn_rate = 0.25285617
[DEBUG] 2019-04-20 15:55:03,253 -- CAMF_CU fold [2] iter 55: loss = 0.18660428, delta_loss = 0.0014219078, learn_rate = 0.26549897
[DEBUG] 2019-04-20 15:55:03,264 -- CAMF_CU fold [2] iter 56: loss = 0.18536775, delta_loss = 0.0012365258, learn_rate = 0.2787739
[DEBUG] 2019-04-20 15:55:03,265 -- CAMF_CU fold [2] iter 57: loss = 0.18429737, delta_loss = 0.0010703829, learn_rate = 0.2927126
[DEBUG] 2019-04-20 15:55:03,253 -- CAMF_CU fold [1] iter 42: loss = 0.26188168, delta_loss = 0.010582769, learn_rate = 0.14079978
[DEBUG] 2019-04-20 15:55:03,266 -- CAMF_CU fold [1] iter 43: loss = 0.25282207, delta_loss = 0.009059598, learn_rate = 0.14783975
[DEBUG] 2019-04-20 15:55:03,267 -- CAMF_CU fold [2] iter 58: loss = 0.18338561, delta_loss = 9.1175496E-4, learn_rate = 0.30734825
[DEBUG] 2019-04-20 15:55:03,267 -- CAMF_CU fold [2] iter 59: loss = 0.18264009, delta_loss = 7.45527E-4, learn_rate = 0.32271564
[DEBUG] 2019-04-20 15:55:03,265 -- CAMF_CU fold [5] iter 55: loss = 0.19713439, delta_loss = 0.0027609353, learn_rate = 0.26549897
[DEBUG] 2019-04-20 15:55:03,268 -- CAMF_CU fold [5] iter 56: loss = 0.1947009, delta_loss = 0.0024334851, learn_rate = 0.2787739
[DEBUG] 2019-04-20 15:55:03,260 -- CAMF_CU fold [3] iter 51: loss = 0.21728693, delta_loss = 0.003202438, learn_rate = 0.21842666
[DEBUG] 2019-04-20 15:55:03,255 -- CAMF_CU fold [4] iter 43: loss = 0.28069457, delta_loss = 0.012562698, learn_rate = 0.14783975
[DEBUG] 2019-04-20 15:55:03,269 -- CAMF_CU fold [3] iter 52: loss = 0.21452413, delta_loss = 0.0027627917, learn_rate = 0.22934799
[DEBUG] 2019-04-20 15:55:03,270 -- CAMF_CU fold [4] iter 44: loss = 0.26962224, delta_loss = 0.011072349, learn_rate = 0.15523174
[DEBUG] 2019-04-20 15:55:03,270 -- CAMF_CU fold [3] iter 53: loss = 0.21214862, delta_loss = 0.0023755103, learn_rate = 0.24081539
[DEBUG] 2019-04-20 15:55:03,271 -- CAMF_CU fold [3] iter 54: loss = 0.2101208, delta_loss = 0.0020278238, learn_rate = 0.25285617
[DEBUG] 2019-04-20 15:55:03,271 -- CAMF_CU fold [3] iter 55: loss = 0.2084125, delta_loss = 0.0017082981, learn_rate = 0.26549897
[DEBUG] 2019-04-20 15:55:03,271 -- CAMF_CU fold [4] iter 45: loss = 0.25988004, delta_loss = 0.009742196, learn_rate = 0.16299334
[DEBUG] 2019-04-20 15:55:03,272 -- CAMF_CU fold [3] iter 56: loss = 0.20700644, delta_loss = 0.001406059, learn_rate = 0.2787739
[DEBUG] 2019-04-20 15:55:03,272 -- CAMF_CU fold [4] iter 46: loss = 0.25132656, delta_loss = 0.008553472, learn_rate = 0.171143
[DEBUG] 2019-04-20 15:55:03,273 -- CAMF_CU fold [3] iter 57: loss = 0.2058966, delta_loss = 0.0011098391, learn_rate = 0.2927126
[DEBUG] 2019-04-20 15:55:03,273 -- CAMF_CU fold [4] iter 47: loss = 0.24383515, delta_loss = 0.0074914107, learn_rate = 0.17970015
[DEBUG] 2019-04-20 15:55:03,273 -- CAMF_CU fold [3] iter 58: loss = 0.20508975, delta_loss = 8.0685376E-4, learn_rate = 0.30734825
[DEBUG] 2019-04-20 15:55:03,274 -- CAMF_CU fold [4] iter 48: loss = 0.23729084, delta_loss = 0.006544309, learn_rate = 0.18868516
[DEBUG] 2019-04-20 15:55:03,274 -- CAMF_CU fold [3] iter 59: loss = 0.20460846, delta_loss = 4.8129505E-4, learn_rate = 0.32271564
[DEBUG] 2019-04-20 15:55:03,275 -- CAMF_CU fold [3] iter 60: loss = 0.20449705, delta_loss = 1.1139401E-4, learn_rate = 0.33885145
[DEBUG] 2019-04-20 15:55:03,275 -- CAMF_CU fold [4] iter 49: loss = 0.23158823, delta_loss = 0.0057026152, learn_rate = 0.19811942
[DEBUG] 2019-04-20 15:55:03,275 -- CAMF_CU fold [5] iter 57: loss = 0.19259681, delta_loss = 0.002104084, learn_rate = 0.2927126
[DEBUG] 2019-04-20 15:55:03,268 -- CAMF_CU fold [2] iter 60: loss = 0.1820933, delta_loss = 5.4677506E-4, learn_rate = 0.33885145
[DEBUG] 2019-04-20 15:55:03,276 -- CAMF_CU fold [3] iter 61: loss = 0.20483613, delta_loss = -3.3907781E-4, learn_rate = 0.355794
[DEBUG] 2019-04-20 15:55:03,277 -- CAMF_CU fold [4] iter 50: loss = 0.22663021, delta_loss = 0.004958026, learn_rate = 0.20802538
[DEBUG] 2019-04-20 15:55:03,277 -- CAMF_CU fold [5] iter 58: loss = 0.19084576, delta_loss = 0.0017510616, learn_rate = 0.30734825
[DEBUG] 2019-04-20 15:55:03,278 -- CAMF_CU fold [3] iter 62: loss = 0.1994261, delta_loss = 0.005410036, learn_rate = 0.177897
[DEBUG] 2019-04-20 15:55:03,279 -- CAMF_CU fold [4] iter 51: loss = 0.2223276, delta_loss = 0.004302605, learn_rate = 0.21842666
[DEBUG] 2019-04-20 15:55:03,279 -- CAMF_CU fold [2] iter 61: loss = 0.1818309, delta_loss = 2.624137E-4, learn_rate = 0.355794
[DEBUG] 2019-04-20 15:55:03,267 -- CAMF_CU fold [1] iter 44: loss = 0.24510442, delta_loss = 0.0077176513, learn_rate = 0.15523174
[DEBUG] 2019-04-20 15:55:03,279 -- CAMF_CU fold [3] iter 63: loss = 0.1946806, delta_loss = 0.004745496, learn_rate = 0.18679185
[DEBUG] 2019-04-20 15:55:03,280 -- CAMF_CU fold [4] iter 52: loss = 0.21859969, delta_loss = 0.0037279124, learn_rate = 0.22934799
[DEBUG] 2019-04-20 15:55:03,281 -- CAMF_CU fold [5] iter 59: loss = 0.18951027, delta_loss = 0.0013354863, learn_rate = 0.32271564
[DEBUG] 2019-04-20 15:55:03,282 -- CAMF_CU fold [3] iter 64: loss = 0.19039485, delta_loss = 0.004285748, learn_rate = 0.19613145
[DEBUG] 2019-04-20 15:55:03,282 -- CAMF_CU fold [1] iter 45: loss = 0.23856851, delta_loss = 0.0065359, learn_rate = 0.16299334
[DEBUG] 2019-04-20 15:55:03,282 -- CAMF_CU fold [4] iter 53: loss = 0.21537554, delta_loss = 0.0032241442, learn_rate = 0.24081539
[DEBUG] 2019-04-20 15:55:03,283 -- CAMF_CU fold [2] iter 62: loss = 0.18208298, delta_loss = -2.520902E-4, learn_rate = 0.3735837
[DEBUG] 2019-04-20 15:55:03,283 -- CAMF_CU fold [3] iter 65: loss = 0.18763474, delta_loss = 0.002760117, learn_rate = 0.20593803
[DEBUG] 2019-04-20 15:55:03,283 -- CAMF_CU fold [5] iter 60: loss = 0.18872684, delta_loss = 7.834169E-4, learn_rate = 0.33885145
[DEBUG] 2019-04-20 15:55:03,284 -- CAMF_CU fold [1] iter 46: loss = 0.23307066, delta_loss = 0.0054978603, learn_rate = 0.171143
[DEBUG] 2019-04-20 15:55:03,285 -- CAMF_CU fold [2] iter 63: loss = 0.18157755, delta_loss = 5.054387E-4, learn_rate = 0.18679185
[DEBUG] 2019-04-20 15:55:03,285 -- CAMF_CU fold [3] iter 66: loss = 0.18590832, delta_loss = 0.0017264264, learn_rate = 0.21623492
[DEBUG] 2019-04-20 15:55:03,285 -- CAMF_CU fold [5] iter 61: loss = 0.188787, delta_loss = -6.015442E-5, learn_rate = 0.355794
[DEBUG] 2019-04-20 15:55:03,286 -- CAMF_CU fold [1] iter 47: loss = 0.22848043, delta_loss = 0.004590233, learn_rate = 0.17970015
[DEBUG] 2019-04-20 15:55:03,287 -- CAMF_CU fold [2] iter 64: loss = 0.17868073, delta_loss = 0.0028968144, learn_rate = 0.19613145
[DEBUG] 2019-04-20 15:55:03,287 -- CAMF_CU fold [3] iter 67: loss = 0.1847542, delta_loss = 0.0011541257, learn_rate = 0.22704667
[DEBUG] 2019-04-20 15:55:03,287 -- CAMF_CU fold [5] iter 62: loss = 0.18517423, delta_loss = 0.0036127781, learn_rate = 0.177897
[DEBUG] 2019-04-20 15:55:03,288 -- CAMF_CU fold [3] iter 68: loss = 0.18389715, delta_loss = 8.570265E-4, learn_rate = 0.238399
[DEBUG] 2019-04-20 15:55:03,288 -- CAMF_CU fold [2] iter 65: loss = 0.17704296, delta_loss = 0.0016377714, learn_rate = 0.20593803
[DEBUG] 2019-04-20 15:55:03,289 -- CAMF_CU fold [5] iter 63: loss = 0.18130806, delta_loss = 0.0038661582, learn_rate = 0.18679185
[DEBUG] 2019-04-20 15:55:03,289 -- CAMF_CU fold [3] iter 69: loss = 0.1832004, delta_loss = 6.9676025E-4, learn_rate = 0.25031894
[DEBUG] 2019-04-20 15:55:03,290 -- CAMF_CU fold [2] iter 66: loss = 0.17640325, delta_loss = 6.397078E-4, learn_rate = 0.21623492
[DEBUG] 2019-04-20 15:55:03,291 -- CAMF_CU fold [5] iter 64: loss = 0.17736375, delta_loss = 0.003944319, learn_rate = 0.19613145
[DEBUG] 2019-04-20 15:55:03,291 -- CAMF_CU fold [1] iter 48: loss = 0.22467878, delta_loss = 0.0038016378, learn_rate = 0.18868516
[DEBUG] 2019-04-20 15:55:03,291 -- CAMF_CU fold [4] iter 54: loss = 0.21259625, delta_loss = 0.0027792966, learn_rate = 0.25285617
[DEBUG] 2019-04-20 15:55:03,292 -- CAMF_CU fold [2] iter 67: loss = 0.17596158, delta_loss = 4.4166527E-4, learn_rate = 0.22704667
[DEBUG] 2019-04-20 15:55:03,293 -- CAMF_CU fold [5] iter 65: loss = 0.1756373, delta_loss = 0.0017264426, learn_rate = 0.20593803
[DEBUG] 2019-04-20 15:55:03,293 -- CAMF_CU fold [1] iter 49: loss = 0.2215573, delta_loss = 0.0031214834, learn_rate = 0.19811942
[DEBUG] 2019-04-20 15:55:03,294 -- CAMF_CU fold [4] iter 55: loss = 0.2102179, delta_loss = 0.002378349, learn_rate = 0.26549897
[DEBUG] 2019-04-20 15:55:03,294 -- CAMF_CU fold [2] iter 68: loss = 0.17555195, delta_loss = 4.0963836E-4, learn_rate = 0.238399
[DEBUG] 2019-04-20 15:55:03,295 -- CAMF_CU fold [5] iter 66: loss = 0.17439362, delta_loss = 0.0012436825, learn_rate = 0.21623492
[DEBUG] 2019-04-20 15:55:03,295 -- CAMF_CU fold [1] iter 50: loss = 0.21901834, delta_loss = 0.0025389623, learn_rate = 0.20802538
[DEBUG] 2019-04-20 15:55:03,296 -- CAMF_CU fold [2] iter 69: loss = 0.17515606, delta_loss = 3.9589228E-4, learn_rate = 0.25031894
[DEBUG] 2019-04-20 15:55:03,296 -- CAMF_CU fold [4] iter 56: loss = 0.20821545, delta_loss = 0.0020024485, learn_rate = 0.2787739
[DEBUG] 2019-04-20 15:55:03,296 -- CAMF_CU fold [5] iter 67: loss = 0.17344837, delta_loss = 9.452538E-4, learn_rate = 0.22704667
[DEBUG] 2019-04-20 15:55:03,297 -- CAMF_CU fold [1] iter 51: loss = 0.2169762, delta_loss = 0.0020421403, learn_rate = 0.21842666
[DEBUG] 2019-04-20 15:55:03,298 -- CAMF_CU fold [4] iter 57: loss = 0.20658748, delta_loss = 0.0016279683, learn_rate = 0.2927126
[DEBUG] 2019-04-20 15:55:03,298 -- CAMF_CU fold [5] iter 68: loss = 0.17273223, delta_loss = 7.1613234E-4, learn_rate = 0.238399
[DEBUG] 2019-04-20 15:55:03,299 -- CAMF_CU fold [1] iter 52: loss = 0.21535914, delta_loss = 0.0016170621, learn_rate = 0.22934799
[DEBUG] 2019-04-20 15:55:03,299 -- CAMF_CU fold [4] iter 58: loss = 0.20536241, delta_loss = 0.0012250786, learn_rate = 0.30734825
[DEBUG] 2019-04-20 15:55:03,300 -- CAMF_CU fold [5] iter 69: loss = 0.1721766, delta_loss = 5.556361E-4, learn_rate = 0.25031894
[DEBUG] 2019-04-20 15:55:03,300 -- CAMF_CU fold [1] iter 53: loss = 0.2141124, delta_loss = 0.0012467339, learn_rate = 0.24081539
[DEBUG] 2019-04-20 15:55:03,300 -- CAMF_CU fold [4] iter 59: loss = 0.20460753, delta_loss = 7.548722E-4, learn_rate = 0.32271564
[DEBUG] 2019-04-20 15:55:03,301 -- CAMF_CU fold [1] iter 54: loss = 0.21320266, delta_loss = 9.097457E-4, learn_rate = 0.25285617
[DEBUG] 2019-04-20 15:55:03,301 -- CAMF_CU fold [3] iter 70: loss = 0.18259901, delta_loss = 6.013907E-4, learn_rate = 0.2628349
[DEBUG] 2019-04-20 15:55:03,302 -- CAMF_CU fold [3] iter 71: loss = 0.18206273, delta_loss = 5.362771E-4, learn_rate = 0.27597663
[DEBUG] 2019-04-20 15:55:03,302 -- CAMF_CU fold [4] iter 60: loss = 0.20444508, delta_loss = 1.6245033E-4, learn_rate = 0.33885145
[DEBUG] 2019-04-20 15:55:03,303 -- CAMF_CU fold [3] iter 72: loss = 0.18158124, delta_loss = 4.814895E-4, learn_rate = 0.28977546
[DEBUG] 2019-04-20 15:55:03,303 -- CAMF_CU fold [3] iter 73: loss = 0.18115835, delta_loss = 4.2288957E-4, learn_rate = 0.30426425
[DEBUG] 2019-04-20 15:55:03,303 -- CAMF_CU fold [4] iter 61: loss = 0.20508659, delta_loss = -6.4151216E-4, learn_rate = 0.355794
[DEBUG] 2019-04-20 15:55:03,304 -- CAMF_CU fold [3] iter 74: loss = 0.1808092, delta_loss = 3.4914573E-4, learn_rate = 0.31947747
[DEBUG] 2019-04-20 15:55:03,304 -- CAMF_CU fold [4] iter 62: loss = 0.20336397, delta_loss = 0.001722625, learn_rate = 0.177897
[DEBUG] 2019-04-20 15:55:03,305 -- CAMF_CU fold [3] iter 75: loss = 0.1805594, delta_loss = 2.4981017E-4, learn_rate = 0.33545133
[DEBUG] 2019-04-20 15:55:03,305 -- CAMF_CU fold [4] iter 63: loss = 0.19772072, delta_loss = 0.005643241, learn_rate = 0.18679185
[DEBUG] 2019-04-20 15:55:03,306 -- CAMF_CU fold [3] iter 76: loss = 0.18044917, delta_loss = 1.10224966E-4, learn_rate = 0.3522239
[DEBUG] 2019-04-20 15:55:03,306 -- CAMF_CU fold [4] iter 64: loss = 0.19362038, delta_loss = 0.004100341, learn_rate = 0.19613145
[DEBUG] 2019-04-20 15:55:03,307 -- CAMF_CU fold [4] iter 65: loss = 0.19134416, delta_loss = 0.0022762245, learn_rate = 0.20593803
[DEBUG] 2019-04-20 15:55:03,307 -- CAMF_CU fold [3] iter 77: loss = 0.18054917, delta_loss = -1.0000082E-4, learn_rate = 0.3698351
[DEBUG] 2019-04-20 15:55:03,308 -- CAMF_CU fold [4] iter 66: loss = 0.18954615, delta_loss = 0.0017980109, learn_rate = 0.21623492
[DEBUG] 2019-04-20 15:55:03,308 -- CAMF_CU fold [3] iter 78: loss = 0.18014067, delta_loss = 4.084953E-4, learn_rate = 0.18491755
[DEBUG] 2019-04-20 15:55:03,308 -- CAMF_CU fold [2] iter 70: loss = 0.17477977, delta_loss = 3.762902E-4, learn_rate = 0.2628349
[DEBUG] 2019-04-20 15:55:03,309 -- CAMF_CU fold [4] iter 67: loss = 0.1880701, delta_loss = 0.0014760399, learn_rate = 0.22704667
[DEBUG] 2019-04-20 15:55:03,309 -- CAMF_CU fold [3] iter 79: loss = 0.17915714, delta_loss = 9.835397E-4, learn_rate = 0.19416343
[DEBUG] 2019-04-20 15:55:03,310 -- CAMF_CU fold [2] iter 71: loss = 0.17442693, delta_loss = 3.5284818E-4, learn_rate = 0.27597663
[DEBUG] 2019-04-20 15:55:03,311 -- CAMF_CU fold [3] iter 80: loss = 0.17825827, delta_loss = 8.9887355E-4, learn_rate = 0.2038716
[DEBUG] 2019-04-20 15:55:03,311 -- CAMF_CU fold [4] iter 68: loss = 0.1868628, delta_loss = 0.0012073178, learn_rate = 0.238399
[DEBUG] 2019-04-20 15:55:03,312 -- CAMF_CU fold [1] iter 55: loss = 0.21262455, delta_loss = 5.7810784E-4, learn_rate = 0.26549897
[DEBUG] 2019-04-20 15:55:03,312 -- CAMF_CU fold [4] iter 69: loss = 0.18588883, delta_loss = 9.739613E-4, learn_rate = 0.25031894
[DEBUG] 2019-04-20 15:55:03,313 -- CAMF_CU fold [2] iter 72: loss = 0.1740961, delta_loss = 3.308287E-4, learn_rate = 0.28977546
[DEBUG] 2019-04-20 15:55:03,313 -- CAMF_CU fold [4] iter 70: loss = 0.18510608, delta_loss = 7.8275154E-4, learn_rate = 0.2628349
[DEBUG] 2019-04-20 15:55:03,314 -- CAMF_CU fold [1] iter 56: loss = 0.21241106, delta_loss = 2.1348377E-4, learn_rate = 0.2787739
[DEBUG] 2019-04-20 15:55:03,314 -- CAMF_CU fold [2] iter 73: loss = 0.17378636, delta_loss = 3.097425E-4, learn_rate = 0.30426425
[DEBUG] 2019-04-20 15:55:03,315 -- CAMF_CU fold [4] iter 71: loss = 0.18447046, delta_loss = 6.356244E-4, learn_rate = 0.27597663
[DEBUG] 2019-04-20 15:55:03,315 -- CAMF_CU fold [1] iter 57: loss = 0.2126509, delta_loss = -2.3982173E-4, learn_rate = 0.2927126
[DEBUG] 2019-04-20 15:55:03,315 -- CAMF_CU fold [2] iter 74: loss = 0.17349868, delta_loss = 2.87674E-4, learn_rate = 0.31947747
[DEBUG] 2019-04-20 15:55:03,316 -- CAMF_CU fold [4] iter 72: loss = 0.18394712, delta_loss = 5.2333577E-4, learn_rate = 0.28977546
[DEBUG] 2019-04-20 15:55:03,317 -- CAMF_CU fold [1] iter 58: loss = 0.20650151, delta_loss = 0.006149373, learn_rate = 0.1463563
[DEBUG] 2019-04-20 15:55:03,317 -- CAMF_CU fold [2] iter 75: loss = 0.17323595, delta_loss = 2.6271702E-4, learn_rate = 0.33545133
[DEBUG] 2019-04-20 15:55:03,317 -- CAMF_CU fold [4] iter 73: loss = 0.18351535, delta_loss = 4.317656E-4, learn_rate = 0.30426425
[DEBUG] 2019-04-20 15:55:03,318 -- CAMF_CU fold [4] iter 74: loss = 0.18316764, delta_loss = 3.4772223E-4, learn_rate = 0.31947747
[DEBUG] 2019-04-20 15:55:03,318 -- CAMF_CU fold [2] iter 76: loss = 0.17300385, delta_loss = 2.3211021E-4, learn_rate = 0.3522239
[DEBUG] 2019-04-20 15:55:03,319 -- CAMF_CU fold [1] iter 59: loss = 0.19492686, delta_loss = 0.011574664, learn_rate = 0.15367413
[DEBUG] 2019-04-20 15:55:03,319 -- CAMF_CU fold [4] iter 75: loss = 0.18290856, delta_loss = 2.5906716E-4, learn_rate = 0.33545133
[DEBUG] 2019-04-20 15:55:03,320 -- CAMF_CU fold [1] iter 60: loss = 0.19136359, delta_loss = 0.0035632607, learn_rate = 0.16135782
[DEBUG] 2019-04-20 15:55:03,320 -- CAMF_CU fold [4] iter 76: loss = 0.18275754, delta_loss = 1.5101566E-4, learn_rate = 0.3522239
[DEBUG] 2019-04-20 15:55:03,321 -- CAMF_CU fold [1] iter 61: loss = 0.18937053, delta_loss = 0.0019930697, learn_rate = 0.16942573
[DEBUG] 2019-04-20 15:55:03,321 -- CAMF_CU fold [4] iter 77: loss = 0.18276258, delta_loss = -5.0281637E-6, learn_rate = 0.3698351
[DEBUG] 2019-04-20 15:55:03,322 -- CAMF_CU fold [1] iter 62: loss = 0.1880342, delta_loss = 0.0013363207, learn_rate = 0.177897
[DEBUG] 2019-04-20 15:55:03,325 -- CAMF_CU fold [1] iter 63: loss = 0.18708184, delta_loss = 9.52356E-4, learn_rate = 0.18679185
[DEBUG] 2019-04-20 15:55:03,325 -- CAMF_CU fold [5] iter 70: loss = 0.17173205, delta_loss = 4.4454087E-4, learn_rate = 0.2628349
[DEBUG] 2019-04-20 15:55:03,326 -- CAMF_CU fold [1] iter 64: loss = 0.1863752, delta_loss = 7.066366E-4, learn_rate = 0.19613145
[DEBUG] 2019-04-20 15:55:03,326 -- CAMF_CU fold [5] iter 71: loss = 0.17136206, delta_loss = 3.7000136E-4, learn_rate = 0.27597663
[DEBUG] 2019-04-20 15:55:03,327 -- CAMF_CU fold [1] iter 65: loss = 0.18583325, delta_loss = 5.419649E-4, learn_rate = 0.20593803
[DEBUG] 2019-04-20 15:55:03,328 -- CAMF_CU fold [2] iter 77: loss = 0.17281765, delta_loss = 1.8620392E-4, learn_rate = 0.3698351
[DEBUG] 2019-04-20 15:55:03,327 -- CAMF_CU fold [3] iter 81: loss = 0.17760964, delta_loss = 6.4862694E-4, learn_rate = 0.21406518
[DEBUG] 2019-04-20 15:55:03,329 -- CAMF_CU fold [1] iter 66: loss = 0.18540637, delta_loss = 4.268676E-4, learn_rate = 0.21623492
[DEBUG] 2019-04-20 15:55:03,329 -- CAMF_CU fold [2] iter 78: loss = 0.17272225, delta_loss = 9.540125E-5, learn_rate = 0.38832685
[DEBUG] 2019-04-20 15:55:03,330 -- CAMF_CU fold [1] iter 67: loss = 0.18506391, delta_loss = 3.4246838E-4, learn_rate = 0.22704667
[DEBUG] 2019-04-20 15:55:03,330 -- CAMF_CU fold [1] iter 68: loss = 0.1847877, delta_loss = 2.7619675E-4, learn_rate = 0.238399
[DEBUG] 2019-04-20 15:55:03,331 -- CAMF_CU fold [1] iter 69: loss = 0.18456927, delta_loss = 2.1843835E-4, learn_rate = 0.25031894
[DEBUG] 2019-04-20 15:55:03,331 -- CAMF_CU fold [3] iter 82: loss = 0.17707352, delta_loss = 5.361152E-4, learn_rate = 0.22476843
[DEBUG] 2019-04-20 15:55:03,332 -- CAMF_CU fold [1] iter 70: loss = 0.18440865, delta_loss = 1.6061966E-4, learn_rate = 0.2628349
[DEBUG] 2019-04-20 15:55:03,332 -- CAMF_CU fold [2] iter 79: loss = 0.17282487, delta_loss = -1.02624326E-4, learn_rate = 0.4077432
[DEBUG] 2019-04-20 15:55:03,333 -- CAMF_CU fold [1] iter 71: loss = 0.18431489, delta_loss = 9.375984E-5, learn_rate = 0.27597663
[DEBUG] 2019-04-20 15:55:03,333 -- CAMF_CU fold [2] iter 80: loss = 0.17287986, delta_loss = -5.499777E-5, learn_rate = 0.2038716
[DEBUG] 2019-04-20 15:55:03,333 -- CAMF_CU fold [1] iter 72: loss = 0.18430816, delta_loss = 6.73126E-6, learn_rate = 0.28977546
[DEBUG] 2019-04-20 15:55:03,334 -- CAMF_CU fold [3] iter 83: loss = 0.17661686, delta_loss = 4.5665467E-4, learn_rate = 0.23600686
[DEBUG] 2019-04-20 15:55:03,335 -- CAMF_CU fold [1] iter 73: loss = 0.18442483, delta_loss = -1.1666727E-4, learn_rate = 0.30426425
[DEBUG] 2019-04-20 15:55:03,335 -- CAMF_CU fold [2] iter 81: loss = 0.17201829, delta_loss = 8.615817E-4, learn_rate = 0.1019358
[DEBUG] 2019-04-20 15:55:03,336 -- CAMF_CU fold [3] iter 84: loss = 0.17622347, delta_loss = 3.9339546E-4, learn_rate = 0.2478072
[DEBUG] 2019-04-20 15:55:03,336 -- CAMF_CU fold [1] iter 74: loss = 0.18338695, delta_loss = 0.0010378696, learn_rate = 0.15213212
[DEBUG] 2019-04-20 15:55:03,336 -- CAMF_CU fold [2] iter 82: loss = 0.17043099, delta_loss = 0.001587297, learn_rate = 0.10703259
[DEBUG] 2019-04-20 15:55:03,337 -- CAMF_CU fold [1] iter 75: loss = 0.18148516, delta_loss = 0.0019017978, learn_rate = 0.15973873
[DEBUG] 2019-04-20 15:55:03,337 -- CAMF_CU fold [3] iter 85: loss = 0.17587861, delta_loss = 3.4485976E-4, learn_rate = 0.26019755
[DEBUG] 2019-04-20 15:55:03,338 -- CAMF_CU fold [2] iter 83: loss = 0.17000577, delta_loss = 4.2521177E-4, learn_rate = 0.112384215
[DEBUG] 2019-04-20 15:55:03,327 -- CAMF_CU fold [5] iter 72: loss = 0.1710404, delta_loss = 3.216628E-4, learn_rate = 0.28977546
[DEBUG] 2019-04-20 15:55:03,338 -- CAMF_CU fold [4] iter 78: loss = 0.18354918, delta_loss = -7.866056E-4, learn_rate = 0.18491755
[DEBUG] 2019-04-20 15:55:03,339 -- CAMF_CU fold [3] iter 86: loss = 0.17556632, delta_loss = 3.1230104E-4, learn_rate = 0.27320743
[DEBUG] 2019-04-20 15:55:03,340 -- CAMF_CU fold [2] iter 84: loss = 0.16972011, delta_loss = 2.856614E-4, learn_rate = 0.11800343
[DEBUG] 2019-04-20 15:55:03,340 -- CAMF_CU fold [5] iter 73: loss = 0.17075516, delta_loss = 2.8522636E-4, learn_rate = 0.30426425
[DEBUG] 2019-04-20 15:55:03,340 -- CAMF_CU fold [4] iter 79: loss = 0.1822216, delta_loss = 0.0013275765, learn_rate = 0.09245878
[DEBUG] 2019-04-20 15:55:03,341 -- CAMF_CU fold [3] iter 87: loss = 0.17527094, delta_loss = 2.9535985E-4, learn_rate = 0.2868678
[DEBUG] 2019-04-20 15:55:03,341 -- CAMF_CU fold [2] iter 85: loss = 0.16948402, delta_loss = 2.3610063E-4, learn_rate = 0.1239036
[DEBUG] 2019-04-20 15:55:03,342 -- CAMF_CU fold [5] iter 74: loss = 0.17051528, delta_loss = 2.3987975E-4, learn_rate = 0.31947747
[DEBUG] 2019-04-20 15:55:03,343 -- CAMF_CU fold [4] iter 80: loss = 0.18068989, delta_loss = 0.0015317149, learn_rate = 0.09708171
[DEBUG] 2019-04-20 15:55:03,343 -- CAMF_CU fold [3] iter 88: loss = 0.1749819, delta_loss = 2.8904653E-4, learn_rate = 0.3012112
[DEBUG] 2019-04-20 15:55:03,345 -- CAMF_CU fold [2] iter 86: loss = 0.16927235, delta_loss = 2.1166257E-4, learn_rate = 0.13009878
[DEBUG] 2019-04-20 15:55:03,345 -- CAMF_CU fold [5] iter 75: loss = 0.1703607, delta_loss = 1.5459127E-4, learn_rate = 0.33545133
[DEBUG] 2019-04-20 15:55:03,346 -- CAMF_CU fold [2] iter 87: loss = 0.16907452, delta_loss = 1.978319E-4, learn_rate = 0.13660371
[DEBUG] 2019-04-20 15:55:03,347 -- CAMF_CU fold [5] iter 76: loss = 0.1703889, delta_loss = -2.8212016E-5, learn_rate = 0.3522239
[DEBUG] 2019-04-20 15:55:03,347 -- CAMF_CU fold [4] iter 81: loss = 0.1799801, delta_loss = 7.097946E-4, learn_rate = 0.1019358
[DEBUG] 2019-04-20 15:55:03,348 -- CAMF_CU fold [2] iter 88: loss = 0.16888483, delta_loss = 1.896886E-4, learn_rate = 0.1434339
[DEBUG] 2019-04-20 15:55:03,348 -- CAMF_CU fold [5] iter 77: loss = 0.17006011, delta_loss = 3.2880343E-4, learn_rate = 0.17611195
[DEBUG] 2019-04-20 15:55:03,349 -- CAMF_CU fold [4] iter 82: loss = 0.17951275, delta_loss = 4.6734835E-4, learn_rate = 0.10703259
[DEBUG] 2019-04-20 15:55:03,349 -- CAMF_CU fold [3] iter 89: loss = 0.17469732, delta_loss = 2.8458075E-4, learn_rate = 0.31627175
[DEBUG] 2019-04-20 15:55:03,350 -- CAMF_CU fold [2] iter 89: loss = 0.16869974, delta_loss = 1.8508823E-4, learn_rate = 0.1506056
[DEBUG] 2019-04-20 15:55:03,351 -- CAMF_CU fold [4] iter 83: loss = 0.17914712, delta_loss = 3.6561853E-4, learn_rate = 0.112384215
[DEBUG] 2019-04-20 15:55:03,351 -- CAMF_CU fold [2] iter 90: loss = 0.16851683, delta_loss = 1.8291494E-4, learn_rate = 0.15813588
[DEBUG] 2019-04-20 15:55:03,351 -- CAMF_CU fold [3] iter 90: loss = 0.17442466, delta_loss = 2.7266247E-4, learn_rate = 0.33208534
[DEBUG] 2019-04-20 15:55:03,353 -- CAMF_CU fold [1] iter 76: loss = 0.18084733, delta_loss = 6.378333E-4, learn_rate = 0.16772567
[DEBUG] 2019-04-20 15:55:03,353 -- CAMF_CU fold [4] iter 84: loss = 0.17883183, delta_loss = 3.153057E-4, learn_rate = 0.11800343
[DEBUG] 2019-04-20 15:55:03,353 -- CAMF_CU fold [3] iter 91: loss = 0.17417994, delta_loss = 2.447202E-4, learn_rate = 0.34868962
[DEBUG] 2019-04-20 15:55:03,354 -- CAMF_CU fold [1] iter 77: loss = 0.18045439, delta_loss = 3.9294385E-4, learn_rate = 0.17611195
[DEBUG] 2019-04-20 15:55:03,354 -- CAMF_CU fold [4] iter 85: loss = 0.17854548, delta_loss = 2.8635171E-4, learn_rate = 0.1239036
[DEBUG] 2019-04-20 15:55:03,354 -- CAMF_CU fold [3] iter 92: loss = 0.1739915, delta_loss = 1.884374E-4, learn_rate = 0.3661241
[DEBUG] 2019-04-20 15:55:03,356 -- CAMF_CU fold [3] iter 93: loss = 0.17392255, delta_loss = 6.8956564E-5, learn_rate = 0.3844303
[DEBUG] 2019-04-20 15:55:03,356 -- CAMF_CU fold [4] iter 86: loss = 0.17827797, delta_loss = 2.6749607E-4, learn_rate = 0.13009878
[DEBUG] 2019-04-20 15:55:03,356 -- CAMF_CU fold [1] iter 78: loss = 0.18014932, delta_loss = 3.0506507E-4, learn_rate = 0.18491755
[DEBUG] 2019-04-20 15:55:03,356 -- CAMF_CU fold [3] iter 94: loss = 0.17416726, delta_loss = -2.447087E-4, learn_rate = 0.4036518
[DEBUG] 2019-04-20 15:55:03,357 -- CAMF_CU fold [5] iter 78: loss = 0.1688528, delta_loss = 0.0012072945, learn_rate = 0.18491755
[DEBUG] 2019-04-20 15:55:03,357 -- CAMF_CU fold [1] iter 79: loss = 0.17988835, delta_loss = 2.60964E-4, learn_rate = 0.19416343
[DEBUG] 2019-04-20 15:55:03,358 -- CAMF_CU fold [3] iter 95: loss = 0.17418304, delta_loss = -1.5785077E-5, learn_rate = 0.2018259
[DEBUG] 2019-04-20 15:55:03,358 -- CAMF_CU fold [5] iter 79: loss = 0.16754524, delta_loss = 0.0013075698, learn_rate = 0.19416343
[DEBUG] 2019-04-20 15:55:03,359 -- CAMF_CU fold [4] iter 87: loss = 0.17802386, delta_loss = 2.541097E-4, learn_rate = 0.13660371
[DEBUG] 2019-04-20 15:55:03,359 -- CAMF_CU fold [1] iter 80: loss = 0.17965195, delta_loss = 2.3640851E-4, learn_rate = 0.2038716
[DEBUG] 2019-04-20 15:55:03,360 -- CAMF_CU fold [5] iter 80: loss = 0.1667145, delta_loss = 8.307458E-4, learn_rate = 0.2038716
[DEBUG] 2019-04-20 15:55:03,361 -- CAMF_CU fold [4] iter 88: loss = 0.17777976, delta_loss = 2.4410382E-4, learn_rate = 0.1434339
[DEBUG] 2019-04-20 15:55:03,361 -- CAMF_CU fold [1] iter 81: loss = 0.17942904, delta_loss = 2.2291279E-4, learn_rate = 0.21406518
[DEBUG] 2019-04-20 15:55:03,361 -- CAMF_CU fold [5] iter 81: loss = 0.1660778, delta_loss = 6.366985E-4, learn_rate = 0.21406518
[DEBUG] 2019-04-20 15:55:03,361 -- CAMF_CU fold [3] iter 96: loss = 0.17317387, delta_loss = 0.0010091609, learn_rate = 0.10091295
[DEBUG] 2019-04-20 15:55:03,363 -- CAMF_CU fold [4] iter 89: loss = 0.17754331, delta_loss = 2.3645411E-4, learn_rate = 0.1506056
[DEBUG] 2019-04-20 15:55:03,363 -- CAMF_CU fold [1] iter 82: loss = 0.17921315, delta_loss = 2.1588581E-4, learn_rate = 0.22476843
[DEBUG] 2019-04-20 15:55:03,364 -- CAMF_CU fold [5] iter 82: loss = 0.16557364, delta_loss = 5.041622E-4, learn_rate = 0.22476843
[DEBUG] 2019-04-20 15:55:03,364 -- CAMF_CU fold [2] iter 91: loss = 0.16833432, delta_loss = 1.8250223E-4, learn_rate = 0.16604267
[DEBUG] 2019-04-20 15:55:03,364 -- CAMF_CU fold [3] iter 97: loss = 0.17255302, delta_loss = 6.208583E-4, learn_rate = 0.1059586
[DEBUG] 2019-04-20 15:55:03,364 -- CAMF_CU fold [1] iter 83: loss = 0.17900068, delta_loss = 2.1247071E-4, learn_rate = 0.23600686
[DEBUG] 2019-04-20 15:55:03,364 -- CAMF_CU fold [4] iter 90: loss = 0.17731269, delta_loss = 2.3062693E-4, learn_rate = 0.15813588
[DEBUG] 2019-04-20 15:55:03,365 -- CAMF_CU fold [5] iter 83: loss = 0.16515817, delta_loss = 4.1546446E-4, learn_rate = 0.23600686
[DEBUG] 2019-04-20 15:55:03,366 -- CAMF_CU fold [3] iter 98: loss = 0.17228124, delta_loss = 2.7178857E-4, learn_rate = 0.11125653
[DEBUG] 2019-04-20 15:55:03,366 -- CAMF_CU fold [1] iter 84: loss = 0.17878996, delta_loss = 2.1072305E-4, learn_rate = 0.2478072
[DEBUG] 2019-04-20 15:55:03,367 -- CAMF_CU fold [4] iter 91: loss = 0.17708634, delta_loss = 2.263373E-4, learn_rate = 0.16604267
[DEBUG] 2019-04-20 15:55:03,368 -- CAMF_CU fold [3] iter 99: loss = 0.17206934, delta_loss = 2.1189125E-4, learn_rate = 0.11681936
[DEBUG] 2019-04-20 15:55:03,368 -- CAMF_CU fold [1] iter 85: loss = 0.17858088, delta_loss = 2.0907656E-4, learn_rate = 0.26019755
[DEBUG] 2019-04-20 15:55:03,368 -- CAMF_CU fold [4] iter 92: loss = 0.17686291, delta_loss = 2.2343978E-4, learn_rate = 0.17434481
[DEBUG] 2019-04-20 15:55:03,369 -- CAMF_CU fold [3] iter 100: loss = 0.17188314, delta_loss = 1.8620378E-4, learn_rate = 0.122660324
[DEBUG] 2019-04-20 15:55:03,369 -- CAMF_CU fold [4] iter 93: loss = 0.17664103, delta_loss = 2.2187589E-4, learn_rate = 0.18306205
[DEBUG] 2019-04-20 15:55:03,369 -- CAMF_CU fold [1] iter 86: loss = 0.17837498, delta_loss = 2.0590182E-4, learn_rate = 0.27320743
[DEBUG] 2019-04-20 15:55:03,370 -- CAMF_CU fold [3] evaluate test data ... 
[DEBUG] 2019-04-20 15:55:03,370 -- CAMF_CU fold [4] iter 94: loss = 0.17641938, delta_loss = 2.2164591E-4, learn_rate = 0.19221514
[DEBUG] 2019-04-20 15:55:03,370 -- CAMF_CU fold [1] iter 87: loss = 0.17817593, delta_loss = 1.9905057E-4, learn_rate = 0.2868678
[DEBUG] 2019-04-20 15:55:03,371 -- CAMF_CU fold [3] has candidate items: 30
[DEBUG] 2019-04-20 15:55:03,371 -- CAMF_CU fold [4] iter 95: loss = 0.17619659, delta_loss = 2.2279058E-4, learn_rate = 0.2018259
[DEBUG] 2019-04-20 15:55:03,372 -- CAMF_CU fold [1] iter 88: loss = 0.17799072, delta_loss = 1.8520618E-4, learn_rate = 0.3012112
[DEBUG] 2019-04-20 15:55:03,372 -- CAMF_CU fold [4] iter 96: loss = 0.17597121, delta_loss = 2.253758E-4, learn_rate = 0.2119172
[DEBUG] 2019-04-20 15:55:03,372 -- CAMF_CU fold [1] iter 89: loss = 0.17783204, delta_loss = 1.5867893E-4, learn_rate = 0.31627175
[DEBUG] 2019-04-20 15:55:03,373 -- CAMF_CU fold [4] iter 97: loss = 0.17574173, delta_loss = 2.2947746E-4, learn_rate = 0.22251306
[DEBUG] 2019-04-20 15:55:03,374 -- CAMF_CU fold [1] iter 90: loss = 0.1777232, delta_loss = 1.0884629E-4, learn_rate = 0.33208534
[DEBUG] 2019-04-20 15:55:03,374 -- CAMF_CU fold [4] iter 98: loss = 0.17550658, delta_loss = 2.3516509E-4, learn_rate = 0.23363872
[DEBUG] 2019-04-20 15:55:03,374 -- CAMF_CU fold [1] iter 91: loss = 0.17770892, delta_loss = 1.4273307E-5, learn_rate = 0.34868962
[DEBUG] 2019-04-20 15:55:03,375 -- CAMF_CU fold [4] iter 99: loss = 0.17526409, delta_loss = 2.4248316E-4, learn_rate = 0.24532065
[DEBUG] 2019-04-20 15:55:03,375 -- CAMF_CU fold [4] iter 100: loss = 0.17501266, delta_loss = 2.5142907E-4, learn_rate = 0.2575867
[DEBUG] 2019-04-20 15:55:03,375 -- CAMF_CU fold [4] evaluate test data ... 
[DEBUG] 2019-04-20 15:55:03,376 -- CAMF_CU fold [1] iter 92: loss = 0.17788078, delta_loss = -1.7186522E-4, learn_rate = 0.3661241
[DEBUG] 2019-04-20 15:55:03,376 -- CAMF_CU fold [4] has candidate items: 30
[DEBUG] 2019-04-20 15:55:03,376 -- CAMF_CU fold [1] iter 93: loss = 0.17756972, delta_loss = 3.110688E-4, learn_rate = 0.18306205
[DEBUG] 2019-04-20 15:55:03,377 -- CAMF_CU fold [1] iter 94: loss = 0.17653383, delta_loss = 0.0010358774, learn_rate = 0.19221514
[DEBUG] 2019-04-20 15:55:03,377 -- CAMF_CU fold [1] iter 95: loss = 0.17601442, delta_loss = 5.194222E-4, learn_rate = 0.2018259
[DEBUG] 2019-04-20 15:55:03,378 -- CAMF_CU fold [1] iter 96: loss = 0.1756799, delta_loss = 3.345048E-4, learn_rate = 0.2119172
[DEBUG] 2019-04-20 15:55:03,378 -- CAMF_CU fold [1] iter 97: loss = 0.17541364, delta_loss = 2.6627866E-4, learn_rate = 0.22251306
[DEBUG] 2019-04-20 15:55:03,379 -- CAMF_CU fold [1] iter 98: loss = 0.17517604, delta_loss = 2.3760086E-4, learn_rate = 0.23363872
[DEBUG] 2019-04-20 15:55:03,379 -- CAMF_CU fold [2] iter 92: loss = 0.16815092, delta_loss = 1.834105E-4, learn_rate = 0.17434481
[DEBUG] 2019-04-20 15:55:03,379 -- CAMF_CU fold [5] iter 84: loss = 0.16480331, delta_loss = 3.5486408E-4, learn_rate = 0.2478072
[DEBUG] 2019-04-20 15:55:03,380 -- CAMF_CU fold [2] iter 93: loss = 0.16796559, delta_loss = 1.8533014E-4, learn_rate = 0.18306205
[DEBUG] 2019-04-20 15:55:03,380 -- CAMF_CU fold [5] iter 85: loss = 0.16449049, delta_loss = 3.1281836E-4, learn_rate = 0.26019755
[DEBUG] 2019-04-20 15:55:03,381 -- CAMF_CU fold [2] iter 94: loss = 0.16777755, delta_loss = 1.8803195E-4, learn_rate = 0.19221514
[DEBUG] 2019-04-20 15:55:03,381 -- CAMF_CU fold [5] iter 86: loss = 0.16420776, delta_loss = 2.827369E-4, learn_rate = 0.27320743
[DEBUG] 2019-04-20 15:55:03,382 -- CAMF_CU fold [2] iter 95: loss = 0.16758622, delta_loss = 1.9133685E-4, learn_rate = 0.2018259
[DEBUG] 2019-04-20 15:55:03,383 -- CAMF_CU fold [5] iter 87: loss = 0.16394775, delta_loss = 2.600099E-4, learn_rate = 0.2868678
[DEBUG] 2019-04-20 15:55:03,383 -- CAMF_CU fold [2] iter 96: loss = 0.16739112, delta_loss = 1.950936E-4, learn_rate = 0.2119172
[DEBUG] 2019-04-20 15:55:03,384 -- CAMF_CU fold [5] iter 88: loss = 0.16370696, delta_loss = 2.407824E-4, learn_rate = 0.3012112
[DEBUG] 2019-04-20 15:55:03,384 -- CAMF_CU fold [2] iter 97: loss = 0.16719197, delta_loss = 1.9915824E-4, learn_rate = 0.22251306
[DEBUG] 2019-04-20 15:55:03,385 -- CAMF_CU fold [5] iter 89: loss = 0.16348678, delta_loss = 2.2017464E-4, learn_rate = 0.31627175
[DEBUG] 2019-04-20 15:55:03,385 -- CAMF_CU fold [5] iter 90: loss = 0.16329667, delta_loss = 1.9011344E-4, learn_rate = 0.33208534
[DEBUG] 2019-04-20 15:55:03,386 -- CAMF_CU fold [5] iter 91: loss = 0.1631622, delta_loss = 1.3447675E-4, learn_rate = 0.34868962
[DEBUG] 2019-04-20 15:55:03,386 -- CAMF_CU fold [5] iter 92: loss = 0.1631467, delta_loss = 1.5486927E-5, learn_rate = 0.3661241
[DEBUG] 2019-04-20 15:55:03,386 -- CAMF_CU fold [5] iter 93: loss = 0.16341344, delta_loss = -2.6673026E-4, learn_rate = 0.3844303
[DEBUG] 2019-04-20 15:55:03,387 -- CAMF_CU fold [5] iter 94: loss = 0.16331497, delta_loss = 9.8469645E-5, learn_rate = 0.19221514
[DEBUG] 2019-04-20 15:55:03,387 -- CAMF_CU fold [5] iter 95: loss = 0.16218196, delta_loss = 0.0011330101, learn_rate = 0.2018259
[DEBUG] 2019-04-20 15:55:03,387 -- CAMF_CU fold [5] iter 96: loss = 0.16160215, delta_loss = 5.7980284E-4, learn_rate = 0.2119172
[DEBUG] 2019-04-20 15:55:03,388 -- CAMF_CU fold [5] iter 97: loss = 0.16120437, delta_loss = 3.977853E-4, learn_rate = 0.22251306
[DEBUG] 2019-04-20 15:55:03,388 -- CAMF_CU fold [5] iter 98: loss = 0.16089335, delta_loss = 3.110216E-4, learn_rate = 0.23363872
[DEBUG] 2019-04-20 15:55:03,389 -- CAMF_CU fold [5] iter 99: loss = 0.16061753, delta_loss = 2.7582224E-4, learn_rate = 0.24532065
[DEBUG] 2019-04-20 15:55:03,389 -- CAMF_CU fold [5] iter 100: loss = 0.16035512, delta_loss = 2.624093E-4, learn_rate = 0.2575867
[DEBUG] 2019-04-20 15:55:03,389 -- CAMF_CU fold [5] evaluate test data ... 
[DEBUG] 2019-04-20 15:55:03,390 -- CAMF_CU fold [5] has candidate items: 30
[DEBUG] 2019-04-20 15:55:03,393 -- CAMF_CU fold [2] iter 98: loss = 0.1669886, delta_loss = 2.0336971E-4, learn_rate = 0.23363872
[DEBUG] 2019-04-20 15:55:03,394 -- CAMF_CU fold [2] iter 99: loss = 0.16678108, delta_loss = 2.0751375E-4, learn_rate = 0.24532065
[DEBUG] 2019-04-20 15:55:03,394 -- CAMF_CU fold [2] iter 100: loss = 0.16656981, delta_loss = 2.11262E-4, learn_rate = 0.2575867
[DEBUG] 2019-04-20 15:55:03,394 -- CAMF_CU fold [2] evaluate test data ... 
[DEBUG] 2019-04-20 15:55:03,395 -- CAMF_CU fold [2] has candidate items: 30
[DEBUG] 2019-04-20 15:55:03,402 -- CAMF_CU fold [1] iter 99: loss = 0.17495002, delta_loss = 2.2601543E-4, learn_rate = 0.24532065
[DEBUG] 2019-04-20 15:55:03,402 -- CAMF_CU fold [1] iter 100: loss = 0.17472655, delta_loss = 2.2347043E-4, learn_rate = 0.2575867
[DEBUG] 2019-04-20 15:55:03,403 -- CAMF_CU fold [1] evaluate test data ... 
[DEBUG] 2019-04-20 15:55:03,403 -- CAMF_CU fold [1] has candidate items: 30
[DEBUG] 2019-04-20 15:55:03,417 -- CAMF_CU fold [5] has writeen item recommendations to ./CARSKit.Workspace/CAMF_CU-top-1000-items fold [5].txt
[DEBUG] 2019-04-20 15:55:03,422 -- CAMF_CU fold [1] has writeen item recommendations to ./CARSKit.Workspace/CAMF_CU-top-1000-items fold [1].txt
[DEBUG] 2019-04-20 15:55:03,422 -- CAMF_CU fold [3] has writeen item recommendations to ./CARSKit.Workspace/CAMF_CU-top-1000-items fold [3].txt
[DEBUG] 2019-04-20 15:55:03,423 -- CAMF_CU fold [5]: Pre5: 0.025354,Pre10: 0.027298, Pre1000: 0.001053, Rec5: 0.124242, Rec10: 0.266667, Rec1000: 1.000000, AUC5: 0.494066, AUC10: 0.493056, AUC1000: 0.441186, MAP5: 0.043157, MAP10: 0.061708, MAP1000: 0.100347, NDCG5: 0.063615, NDCG10: 0.109518,NDCG1000: 0.279186,MRR5: 0.044419, MRR10: 0.063602,MRR1000: 0.101123	Time: 00:00, 00:00
[DEBUG] 2019-04-20 15:55:03,423 -- CAMF_CU fold [3]: Pre5: 0.056974,Pre10: 0.042769, Pre1000: 0.001080, Rec5: 0.271795, Rec10: 0.399231, Rec1000: 1.000000, AUC5: 0.488590, AUC10: 0.535121, AUC1000: 0.529410, MAP5: 0.124291, MAP10: 0.141367, MAP1000: 0.173132, NDCG5: 0.162241, NDCG10: 0.203701,NDCG1000: 0.343059,MRR5: 0.132239, MRR10: 0.148675,MRR1000: 0.178944	Time: 00:00, 00:00
[DEBUG] 2019-04-20 15:55:03,423 -- CAMF_CU fold [1]: Pre5: 0.045370,Pre10: 0.041319, Pre1000: 0.001051, Rec5: 0.216435, Rec10: 0.400463, Rec1000: 1.000000, AUC5: 0.484375, AUC10: 0.513053, AUC1000: 0.537594, MAP5: 0.083025, MAP10: 0.108399, MAP1000: 0.142027, NDCG5: 0.117097, NDCG10: 0.177572,NDCG1000: 0.318751,MRR5: 0.087076, MRR10: 0.112836,MRR1000: 0.145141	Time: 00:00, 00:00
[DEBUG] 2019-04-20 15:55:03,423 -- CAMF_CU fold [4] evaluates progress: 100 / 70
[DEBUG] 2019-04-20 15:55:03,424 -- CAMF_CU fold [4] evaluates progress: 100 / 70
[DEBUG] 2019-04-20 15:55:03,424 -- CAMF_CU fold [4] has writeen item recommendations to ./CARSKit.Workspace/CAMF_CU-top-1000-items fold [4].txt
[DEBUG] 2019-04-20 15:55:03,424 -- CAMF_CU fold [2] has writeen item recommendations to ./CARSKit.Workspace/CAMF_CU-top-1000-items fold [2].txt
[DEBUG] 2019-04-20 15:55:03,425 -- CAMF_CU fold [4]: Pre5: 0.033571,Pre10: 0.039762, Pre1000: 0.001012, Rec5: 0.162500, Rec10: 0.388095, Rec1000: 1.000000, AUC5: 0.497321, AUC10: 0.476769, AUC1000: 0.533707, MAP5: 0.082778, MAP10: 0.111571, MAP1000: 0.145488, NDCG5: 0.102259, NDCG10: 0.173970,NDCG1000: 0.317099,MRR5: 0.083135, MRR10: 0.111872,MRR1000: 0.145624	Time: 00:00, 00:00
[DEBUG] 2019-04-20 15:55:03,426 -- CAMF_CU fold [2]: Pre5: 0.038802,Pre10: 0.039844, Pre1000: 0.001063, Rec5: 0.182292, Rec10: 0.382813, Rec1000: 1.000000, AUC5: 0.476888, AUC10: 0.485677, AUC1000: 0.523651, MAP5: 0.068446, MAP10: 0.093918, MAP1000: 0.128817, NDCG5: 0.098211, NDCG10: 0.162098,NDCG1000: 0.307767,MRR5: 0.077040, MRR10: 0.103070,MRR1000: 0.135832	Time: 00:00, 00:00
[INFO ] 2019-04-20 15:55:03,426 -- Final Results by CAMF_CU, Pre5: 0.040014,Pre10: 0.038198, Pre1000: 0.001052, Rec5: 0.191453, Rec10: 0.367454, Rec1000: 1.000000, AUC5: 0.488248, AUC10: 0.500735, AUC1000: 0.513110, MAP5: 0.080339, MAP10: 0.103393, MAP1000: 0.137962, NDCG5: 0.108685, NDCG10: 0.165372,NDCG1000: 0.313172,MRR5: 0.084782, MRR10: 0.108011,MRR1000: 0.141333, numFactors: 10, numIter: 100, lrate: 0.02, maxlrate: -1.0, regB: 1.0E-4, regU: 1.0E-4, regI: 1.0E-4, regC: 0.001, isBoldDriver: true, Time: '00:00','00:00'

[DEBUG] 2019-04-20 15:55:03,427 -- Have been collected to file: results_all.txt
